  [1m[36mSQL (0.3ms)[0m  [1mSHOW TABLES[0m
  [1m[35mSQL (157.1ms)[0m  CREATE TABLE `schema_migrations` (`version` varchar(255) NOT NULL) ENGINE=InnoDB
  [1m[36mSQL (0.8ms)[0m  [1mSHOW KEYS FROM `schema_migrations`[0m
  [1m[35mSQL (121.4ms)[0m  CREATE UNIQUE INDEX `unique_schema_migrations` ON `schema_migrations` (`version`)
  [1m[36mSQL (0.4ms)[0m  [1mSHOW TABLES[0m
  [1m[35mSQL (0.3ms)[0m  SHOW TABLES
  [1m[36mSQL (0.4ms)[0m  [1mSELECT `schema_migrations`.`version` FROM `schema_migrations`[0m
Migrating to CreatePhotos (20110218224234)
  [1m[35mSQL (3.2ms)[0m  CREATE TABLE `photos` (`id` int(11) DEFAULT NULL auto_increment PRIMARY KEY, `description` varchar(255), `created_at` datetime, `updated_at` datetime) ENGINE=InnoDB
  [1m[36mSQL (0.7ms)[0m  [1mINSERT INTO `schema_migrations` (`version`) VALUES ('20110218224234')[0m
Migrating to AddAttachmentImageToPhoto (20110218232056)
  [1m[35mSQL (19.3ms)[0m  ALTER TABLE `photos` ADD `image_file_name` varchar(255)
  [1m[36mSQL (6.5ms)[0m  [1mALTER TABLE `photos` ADD `image_content_type` varchar(255)[0m
  [1m[35mSQL (7.4ms)[0m  ALTER TABLE `photos` ADD `image_file_size` int(11)
  [1m[36mSQL (9.3ms)[0m  [1mALTER TABLE `photos` ADD `image_updated_at` datetime[0m
  [1m[35mSQL (0.5ms)[0m  INSERT INTO `schema_migrations` (`version`) VALUES ('20110218232056')
  [1m[36mSQL (0.5ms)[0m  [1mSHOW TABLES[0m
  [1m[35mSQL (0.3ms)[0m  SELECT `schema_migrations`.`version` FROM `schema_migrations`
  [1m[36mSQL (0.3ms)[0m  [1mSHOW TABLES[0m
  [1m[35mSQL (1.2ms)[0m  describe `photos`
  [1m[36mSQL (0.7ms)[0m  [1mSHOW KEYS FROM `photos`[0m


Started GET "/photos/new" for 127.0.0.1 at 2011-06-24 14:59:28 +0530
  Processing by PhotosController#new as HTML
DEPRECATION WARNING: <% %> style block helpers are deprecated. Please use <%= %>. (called from _app_views_photos_new_html_erb__904613559_79453290__1064170140 at /home/chandru/exercise/webcam_app/app/views/photos/new.html.erb:22)
Rendered photos/new.html.erb within layouts/application (87.3ms)
Completed 200 OK in 92ms (Views: 91.4ms | ActiveRecord: 0.0ms)


Started POST "/photos/upload" for 127.0.0.1 at 2011-06-24 14:59:35 +0530
  Processing by PhotosController#upload as TEXT/*
DEPRECATION WARNING: RAILS_ROOT is deprecated. Please use ::Rails.root.to_s. (called from join at /home/chandru/exercise/webcam_app/app/controllers/photos_controller.rb:29)
Completed   in 4ms

Encoding::UndefinedConversionError ("\xFF" from ASCII-8BIT to UTF-8):
  app/controllers/photos_controller.rb:20:in `write'
  app/controllers/photos_controller.rb:20:in `block in upload'
  app/controllers/photos_controller.rb:19:in `open'
  app/controllers/photos_controller.rb:19:in `upload'

Rendered /home/chandru/.rvm/gems/ruby-1.9.2-p0/gems/actionpack-3.0.3/lib/action_dispatch/middleware/templates/rescues/_trace.erb (1.4ms)
Rendered /home/chandru/.rvm/gems/ruby-1.9.2-p0/gems/actionpack-3.0.3/lib/action_dispatch/middleware/templates/rescues/_request_and_response.erb (11.1ms)
Rendered /home/chandru/.rvm/gems/ruby-1.9.2-p0/gems/actionpack-3.0.3/lib/action_dispatch/middleware/templates/rescues/diagnostics.erb within rescues/layout (55.8ms)


Started GET "/photos/new" for 127.0.0.1 at 2011-06-24 15:05:55 +0530
  Processing by PhotosController#new as HTML
DEPRECATION WARNING: <% %> style block helpers are deprecated. Please use <%= %>. (called from _app_views_photos_new_html_erb__904613559_82706970__1064170140 at /home/chandru/exercise/webcam_app/app/views/photos/new.html.erb:22)
Rendered photos/new.html.erb within layouts/application (47.3ms)
Completed 200 OK in 55ms (Views: 54.6ms | ActiveRecord: 0.0ms)


Started POST "/photos/upload" for 127.0.0.1 at 2011-06-24 15:06:02 +0530
  Processing by PhotosController#upload as TEXT/*
Completed   in 1ms

Encoding::UndefinedConversionError ("\xFF" from ASCII-8BIT to UTF-8):
  app/controllers/photos_controller.rb:20:in `write'
  app/controllers/photos_controller.rb:20:in `block in upload'
  app/controllers/photos_controller.rb:19:in `open'
  app/controllers/photos_controller.rb:19:in `upload'

Rendered /home/chandru/.rvm/gems/ruby-1.9.2-p0/gems/actionpack-3.0.3/lib/action_dispatch/middleware/templates/rescues/_trace.erb (1.3ms)
Rendered /home/chandru/.rvm/gems/ruby-1.9.2-p0/gems/actionpack-3.0.3/lib/action_dispatch/middleware/templates/rescues/_request_and_response.erb (12.2ms)
Rendered /home/chandru/.rvm/gems/ruby-1.9.2-p0/gems/actionpack-3.0.3/lib/action_dispatch/middleware/templates/rescues/diagnostics.erb within rescues/layout (48.8ms)


Started GET "/photos/new" for 127.0.0.1 at 2011-06-24 15:09:15 +0530
  Processing by PhotosController#new as HTML
DEPRECATION WARNING: <% %> style block helpers are deprecated. Please use <%= %>. (called from _app_views_photos_new_html_erb__355542864_85114170_1001975023 at /home/chandru/exercise/webcam_app/app/views/photos/new.html.erb:22)
Rendered photos/new.html.erb within layouts/application (27.7ms)
Completed 200 OK in 32ms (Views: 31.4ms | ActiveRecord: 0.0ms)


Started POST "/photos/upload" for 127.0.0.1 at 2011-06-24 15:09:23 +0530
  Processing by PhotosController#upload as TEXT/*
Rendered text template (0.0ms)
Completed 200 OK in 17ms (Views: 16.8ms | ActiveRecord: 0.0ms)


Started POST "/photos" for 127.0.0.1 at 2011-06-24 15:09:35 +0530
  Processing by PhotosController#create as HTML
  Parameters: {"utf8"=>"✓", "authenticity_token"=>"z+B6D3xrh4nWupM/Mq6Ai3GrVFI33TuIMB6+7fvybGo=", "photo"=>{"description"=>"hi"}, "commit"=>"Save the photo"}
[paperclip] identify -format %wx%h '/tmp/stream20110624-6583-1aclyp4.jpg[0]' 2>/dev/null
[paperclip] convert '/tmp/stream20110624-6583-1aclyp4.jpg[0]' -resize "300x300>" '/tmp/stream20110624-6583-1aclyp420110624-6583-1wkaico' 2>/dev/null
[paperclip] identify -format %wx%h '/tmp/stream20110624-6583-1aclyp4.jpg[0]' 2>/dev/null
[paperclip] convert '/tmp/stream20110624-6583-1aclyp4.jpg[0]' -resize "100x100>" '/tmp/stream20110624-6583-1aclyp420110624-6583-dncnpu' 2>/dev/null
  [1m[36mSQL (0.3ms)[0m  [1mBEGIN[0m
  [1m[35mSQL (0.6ms)[0m  SHOW TABLES
  [1m[36mSQL (1.5ms)[0m  [1mdescribe `photos`[0m
  [1m[35mAREL (0.5ms)[0m  INSERT INTO `photos` (`description`, `created_at`, `updated_at`, `image_file_name`, `image_content_type`, `image_file_size`, `image_updated_at`) VALUES ('hi', '2011-06-24 09:39:35', '2011-06-24 09:39:35', 'ff061e5557102b3cf57dcfa623b56e39.jpg', 'image/jpeg', 9011, '2011-06-24 09:39:35')
[paperclip] Saving attachments.
[paperclip] saving /home/chandru/exercise/webcam_app/public/system/images/1/original/ff061e5557102b3cf57dcfa623b56e39.jpg
[paperclip] saving /home/chandru/exercise/webcam_app/public/system/images/1/medium/ff061e5557102b3cf57dcfa623b56e39.jpg
[paperclip] saving /home/chandru/exercise/webcam_app/public/system/images/1/thumb/ff061e5557102b3cf57dcfa623b56e39.jpg
  [1m[36mSQL (2.1ms)[0m  [1mCOMMIT[0m
Redirected to http://localhost:3000/photos/1
Completed 302 Found in 939ms


Started GET "/photos/1" for 127.0.0.1 at 2011-06-24 15:09:36 +0530
  Processing by PhotosController#show as HTML
  Parameters: {"id"=>"1"}
  [1m[35mPhoto Load (0.5ms)[0m  SELECT `photos`.* FROM `photos` WHERE (`photos`.`id` = 1) LIMIT 1
Rendered photos/show.html.erb within layouts/application (19.2ms)
Completed 200 OK in 50ms (Views: 28.5ms | ActiveRecord: 5.6ms)


Started GET "/photos/new" for 127.0.0.1 at 2011-06-24 15:09:39 +0530
  Processing by PhotosController#new as HTML
DEPRECATION WARNING: <% %> style block helpers are deprecated. Please use <%= %>. (called from _app_views_photos_new_html_erb__355542864_85192190_1001975023 at /home/chandru/exercise/webcam_app/app/views/photos/new.html.erb:22)
Rendered photos/new.html.erb within layouts/application (45.3ms)
Completed 200 OK in 53ms (Views: 52.6ms | ActiveRecord: 0.0ms)


Started POST "/photos/upload" for 127.0.0.1 at 2011-06-24 15:10:09 +0530
  Processing by PhotosController#upload as TEXT/*
Rendered text template (0.0ms)
Completed 200 OK in 1ms (Views: 0.8ms | ActiveRecord: 0.0ms)


Started GET "/photos/new" for 127.0.0.1 at 2011-06-24 15:10:11 +0530
  Processing by PhotosController#new as HTML
DEPRECATION WARNING: <% %> style block helpers are deprecated. Please use <%= %>. (called from _app_views_photos_new_html_erb__355542864_88413460_1001975023 at /home/chandru/exercise/webcam_app/app/views/photos/new.html.erb:22)
Rendered photos/new.html.erb within layouts/application (32.4ms)
Completed 200 OK in 40ms (Views: 39.4ms | ActiveRecord: 0.0ms)


Started GET "/photos/new" for 127.0.0.1 at 2011-06-24 15:16:42 +0530
  Processing by PhotosController#new as HTML
DEPRECATION WARNING: <% %> style block helpers are deprecated. Please use <%= %>. (called from _app_views_photos_new_html_erb___312334247_84680180__282263479 at /home/chandru/exercise/webcam_app/app/views/photos/new.html.erb:22)
Rendered photos/new.html.erb within layouts/application (28.0ms)
Completed 200 OK in 32ms (Views: 31.7ms | ActiveRecord: 0.0ms)


Started GET "/photos/new" for 127.0.0.1 at 2011-06-24 15:17:06 +0530
  Processing by PhotosController#new as HTML
DEPRECATION WARNING: <% %> style block helpers are deprecated. Please use <%= %>. (called from _app_views_photos_new_html_erb___312334247_87409370__282263479 at /home/chandru/exercise/webcam_app/app/views/photos/new.html.erb:22)
Rendered photos/new.html.erb within layouts/application (45.7ms)
Completed 200 OK in 53ms (Views: 52.5ms | ActiveRecord: 0.0ms)


Started GET "/photos/new" for 127.0.0.1 at 2011-06-24 15:17:10 +0530
  Processing by PhotosController#new as HTML
DEPRECATION WARNING: <% %> style block helpers are deprecated. Please use <%= %>. (called from _app_views_photos_new_html_erb___312334247_88056690__282263479 at /home/chandru/exercise/webcam_app/app/views/photos/new.html.erb:22)
Rendered photos/new.html.erb within layouts/application (47.9ms)
Completed 200 OK in 56ms (Views: 55.0ms | ActiveRecord: 0.0ms)


Started GET "/photos/new" for 127.0.0.1 at 2011-06-24 15:18:20 +0530
  Processing by PhotosController#new as HTML
DEPRECATION WARNING: <% %> style block helpers are deprecated. Please use <%= %>. (called from _app_views_photos_new_html_erb___312334247_85904310__282263479 at /home/chandru/exercise/webcam_app/app/views/photos/new.html.erb:22)
Rendered photos/new.html.erb within layouts/application (65.7ms)
Completed 200 OK in 74ms (Views: 73.0ms | ActiveRecord: 0.0ms)


Started GET "/photos/new" for 127.0.0.1 at 2011-06-24 15:18:54 +0530
  Processing by PhotosController#new as HTML
DEPRECATION WARNING: <% %> style block helpers are deprecated. Please use <%= %>. (called from _app_views_photos_new_html_erb___312334247_88783560__282263479 at /home/chandru/exercise/webcam_app/app/views/photos/new.html.erb:22)
Rendered photos/new.html.erb within layouts/application (47.3ms)
Completed 200 OK in 55ms (Views: 54.5ms | ActiveRecord: 0.0ms)


Started GET "/photos/new" for 127.0.0.1 at 2011-06-24 15:29:34 +0530
  Processing by PhotosController#new as HTML
DEPRECATION WARNING: <% %> style block helpers are deprecated. Please use <%= %>. (called from _app_views_photos_new_html_erb___312334247_85951170__282263479 at /home/chandru/exercise/webcam_app/app/views/photos/new.html.erb:22)
Rendered photos/new.html.erb within layouts/application (63.1ms)
Completed 200 OK in 71ms (Views: 70.7ms | ActiveRecord: 0.0ms)


Started GET "/photos/new" for 127.0.0.1 at 2011-06-24 15:29:36 +0530
  Processing by PhotosController#new as HTML
DEPRECATION WARNING: <% %> style block helpers are deprecated. Please use <%= %>. (called from _app_views_photos_new_html_erb___312334247_88163430__282263479 at /home/chandru/exercise/webcam_app/app/views/photos/new.html.erb:22)
Rendered photos/new.html.erb within layouts/application (53.1ms)
Completed 200 OK in 62ms (Views: 61.1ms | ActiveRecord: 0.0ms)


Started GET "/photos/new" for 127.0.0.1 at 2011-06-24 15:29:36 +0530
  Processing by PhotosController#new as HTML
DEPRECATION WARNING: <% %> style block helpers are deprecated. Please use <%= %>. (called from _app_views_photos_new_html_erb___312334247_86043440__282263479 at /home/chandru/exercise/webcam_app/app/views/photos/new.html.erb:22)
Rendered photos/new.html.erb within layouts/application (27.0ms)
Completed 200 OK in 32ms (Views: 31.6ms | ActiveRecord: 0.0ms)


Started GET "/photos/new" for 127.0.0.1 at 2011-06-24 15:29:37 +0530
  Processing by PhotosController#new as HTML
DEPRECATION WARNING: <% %> style block helpers are deprecated. Please use <%= %>. (called from _app_views_photos_new_html_erb___312334247_84690850__282263479 at /home/chandru/exercise/webcam_app/app/views/photos/new.html.erb:22)
Rendered photos/new.html.erb within layouts/application (67.7ms)
Completed 200 OK in 73ms (Views: 72.6ms | ActiveRecord: 0.0ms)


Started GET "/photos/new" for 127.0.0.1 at 2011-06-24 15:29:37 +0530
  Processing by PhotosController#new as HTML
DEPRECATION WARNING: <% %> style block helpers are deprecated. Please use <%= %>. (called from _app_views_photos_new_html_erb___312334247_87118630__282263479 at /home/chandru/exercise/webcam_app/app/views/photos/new.html.erb:22)
Rendered photos/new.html.erb within layouts/application (49.9ms)
Completed 200 OK in 58ms (Views: 57.4ms | ActiveRecord: 0.0ms)


Started GET "/photos/new" for 127.0.0.1 at 2011-06-24 15:29:38 +0530
  Processing by PhotosController#new as HTML
DEPRECATION WARNING: <% %> style block helpers are deprecated. Please use <%= %>. (called from _app_views_photos_new_html_erb___312334247_84993910__282263479 at /home/chandru/exercise/webcam_app/app/views/photos/new.html.erb:22)
Rendered photos/new.html.erb within layouts/application (127.1ms)
Completed 200 OK in 138ms (Views: 137.2ms | ActiveRecord: 0.0ms)


Started GET "/photos/new" for 127.0.0.1 at 2011-06-24 15:29:38 +0530
  Processing by PhotosController#new as HTML
DEPRECATION WARNING: <% %> style block helpers are deprecated. Please use <%= %>. (called from _app_views_photos_new_html_erb___312334247_87383990__282263479 at /home/chandru/exercise/webcam_app/app/views/photos/new.html.erb:22)
Rendered photos/new.html.erb within layouts/application (56.6ms)
Completed 200 OK in 65ms (Views: 64.5ms | ActiveRecord: 0.0ms)


Started GET "/photos/new" for 192.168.1.17 at 2011-06-24 15:33:06 +0530
  Processing by PhotosController#new as HTML
DEPRECATION WARNING: <% %> style block helpers are deprecated. Please use <%= %>. (called from _app_views_photos_new_html_erb___1049145104_83083750_1006286645 at /home/chandru/exercise/webcam_app/app/views/photos/new.html.erb:22)
Rendered photos/new.html.erb within layouts/application (51.7ms)
Completed 200 OK in 59ms (Views: 58.6ms | ActiveRecord: 0.0ms)


Started POST "/photos/upload" for 192.168.1.17 at 2011-06-24 15:34:46 +0530
  Processing by PhotosController#upload as TEXT/*
Rendered text template (0.0ms)
Completed 200 OK in 15ms (Views: 13.8ms | ActiveRecord: 0.0ms)


Started POST "/photos" for 192.168.1.17 at 2011-06-24 15:34:51 +0530
  Processing by PhotosController#create as HTML
  Parameters: {"utf8"=>"✓", "authenticity_token"=>"JwdleQ4pzdmW6byFkD7BAsDFp6/a0BbZ3rewpu/f88o=", "photo"=>{"description"=>"jjghjg"}, "commit"=>"Save the photo"}
[paperclip] identify -format %wx%h '/tmp/stream20110624-7140-2f3k2d.jpg[0]' 2>/dev/null
[paperclip] convert '/tmp/stream20110624-7140-2f3k2d.jpg[0]' -resize "300x300>" '/tmp/stream20110624-7140-2f3k2d20110624-7140-1tzihgy' 2>/dev/null
[paperclip] identify -format %wx%h '/tmp/stream20110624-7140-2f3k2d.jpg[0]' 2>/dev/null
[paperclip] convert '/tmp/stream20110624-7140-2f3k2d.jpg[0]' -resize "100x100>" '/tmp/stream20110624-7140-2f3k2d20110624-7140-19syz81' 2>/dev/null
  [1m[36mSQL (0.1ms)[0m  [1mBEGIN[0m
  [1m[35mSQL (0.3ms)[0m  SHOW TABLES
  [1m[36mSQL (0.9ms)[0m  [1mdescribe `photos`[0m
  [1m[35mAREL (0.4ms)[0m  INSERT INTO `photos` (`description`, `created_at`, `updated_at`, `image_file_name`, `image_content_type`, `image_file_size`, `image_updated_at`) VALUES ('jjghjg', '2011-06-24 10:04:51', '2011-06-24 10:04:51', '52016263693f097bd2415665b6d4aa2e.jpg', 'image/jpeg', 55988, '2011-06-24 10:04:51')
[paperclip] Saving attachments.
[paperclip] saving /home/chandru/exercise/webcam_app/public/system/images/2/original/52016263693f097bd2415665b6d4aa2e.jpg
[paperclip] saving /home/chandru/exercise/webcam_app/public/system/images/2/medium/52016263693f097bd2415665b6d4aa2e.jpg
[paperclip] saving /home/chandru/exercise/webcam_app/public/system/images/2/thumb/52016263693f097bd2415665b6d4aa2e.jpg
  [1m[36mSQL (2.3ms)[0m  [1mCOMMIT[0m
Redirected to http://192.168.1.51:3000/photos/2
Completed 302 Found in 494ms


Started GET "/photos/2" for 192.168.1.17 at 2011-06-24 15:34:52 +0530
  Processing by PhotosController#show as HTML
  Parameters: {"id"=>"2"}
  [1m[35mPhoto Load (0.4ms)[0m  SELECT `photos`.* FROM `photos` WHERE (`photos`.`id` = 2) LIMIT 1
Rendered photos/show.html.erb within layouts/application (19.1ms)
Completed 200 OK in 47ms (Views: 26.4ms | ActiveRecord: 0.4ms)


Started GET "/photos/new" for 192.168.1.17 at 2011-06-24 15:34:55 +0530
  Processing by PhotosController#new as HTML
DEPRECATION WARNING: <% %> style block helpers are deprecated. Please use <%= %>. (called from _app_views_photos_new_html_erb___1049145104_83109650_1006286645 at /home/chandru/exercise/webcam_app/app/views/photos/new.html.erb:22)
Rendered photos/new.html.erb within layouts/application (45.0ms)
Completed 200 OK in 52ms (Views: 51.8ms | ActiveRecord: 0.0ms)


Started POST "/photos/upload" for 192.168.1.17 at 2011-06-24 15:35:14 +0530
  Processing by PhotosController#upload as TEXT/*
Rendered text template (0.0ms)
Completed 200 OK in 3ms (Views: 1.3ms | ActiveRecord: 0.0ms)


Started POST "/photos" for 192.168.1.17 at 2011-06-24 15:35:21 +0530
  Processing by PhotosController#create as HTML
  Parameters: {"utf8"=>"✓", "authenticity_token"=>"JwdleQ4pzdmW6byFkD7BAsDFp6/a0BbZ3rewpu/f88o=", "photo"=>{"description"=>"l;'l'l"}, "commit"=>"Save the photo"}
[paperclip] identify -format %wx%h '/tmp/stream20110624-7140-1yi7ab3.jpg[0]' 2>/dev/null
[paperclip] convert '/tmp/stream20110624-7140-1yi7ab3.jpg[0]' -resize "300x300>" '/tmp/stream20110624-7140-1yi7ab320110624-7140-1j7u7am' 2>/dev/null
[paperclip] identify -format %wx%h '/tmp/stream20110624-7140-1yi7ab3.jpg[0]' 2>/dev/null
[paperclip] convert '/tmp/stream20110624-7140-1yi7ab3.jpg[0]' -resize "100x100>" '/tmp/stream20110624-7140-1yi7ab320110624-7140-1m6ffhj' 2>/dev/null
  [1m[36mSQL (0.1ms)[0m  [1mBEGIN[0m
  [1m[35mSQL (1.3ms)[0m  describe `photos`
  [1m[36mAREL (0.5ms)[0m  [1mINSERT INTO `photos` (`description`, `created_at`, `updated_at`, `image_file_name`, `image_content_type`, `image_file_size`, `image_updated_at`) VALUES ('l;\'l\'l', '2011-06-24 10:05:21', '2011-06-24 10:05:21', '52016263693f097bd2415665b6d4aa2e.jpg', 'image/jpeg', 56004, '2011-06-24 10:05:21')[0m
[paperclip] Saving attachments.
[paperclip] saving /home/chandru/exercise/webcam_app/public/system/images/3/original/52016263693f097bd2415665b6d4aa2e.jpg
[paperclip] saving /home/chandru/exercise/webcam_app/public/system/images/3/medium/52016263693f097bd2415665b6d4aa2e.jpg
[paperclip] saving /home/chandru/exercise/webcam_app/public/system/images/3/thumb/52016263693f097bd2415665b6d4aa2e.jpg
  [1m[35mSQL (1.7ms)[0m  COMMIT
Redirected to http://192.168.1.51:3000/photos/3
Completed 302 Found in 295ms


Started GET "/photos/3" for 192.168.1.17 at 2011-06-24 15:35:21 +0530
  Processing by PhotosController#show as HTML
  Parameters: {"id"=>"3"}
  [1m[36mPhoto Load (0.4ms)[0m  [1mSELECT `photos`.* FROM `photos` WHERE (`photos`.`id` = 3) LIMIT 1[0m
Rendered photos/show.html.erb within layouts/application (20.1ms)
Completed 200 OK in 48ms (Views: 27.6ms | ActiveRecord: 4.5ms)


Started GET "/photos/new" for 192.168.1.17 at 2011-06-24 15:35:25 +0530
  Processing by PhotosController#new as HTML
DEPRECATION WARNING: <% %> style block helpers are deprecated. Please use <%= %>. (called from _app_views_photos_new_html_erb___1049145104_83027550_1006286645 at /home/chandru/exercise/webcam_app/app/views/photos/new.html.erb:22)
Rendered photos/new.html.erb within layouts/application (97.1ms)
Completed 200 OK in 105ms (Views: 103.9ms | ActiveRecord: 0.0ms)


Started GET "/photos/new" for 192.168.1.17 at 2011-06-24 15:36:00 +0530
  Processing by PhotosController#new as HTML
DEPRECATION WARNING: <% %> style block helpers are deprecated. Please use <%= %>. (called from _app_views_photos_new_html_erb___1049145104_86134150_1006286645 at /home/chandru/exercise/webcam_app/app/views/photos/new.html.erb:22)
Rendered photos/new.html.erb within layouts/application (45.4ms)
Completed 200 OK in 53ms (Views: 52.4ms | ActiveRecord: 0.0ms)


Started GET "/photos/new" for 192.168.1.17 at 2011-06-24 15:36:14 +0530
  Processing by PhotosController#new as HTML
DEPRECATION WARNING: <% %> style block helpers are deprecated. Please use <%= %>. (called from _app_views_photos_new_html_erb___1049145104_84181520_1006286645 at /home/chandru/exercise/webcam_app/app/views/photos/new.html.erb:22)
Rendered photos/new.html.erb within layouts/application (45.5ms)
Completed 200 OK in 53ms (Views: 52.6ms | ActiveRecord: 0.0ms)


Started GET "/photos/" for 192.168.1.17 at 2011-06-24 15:36:19 +0530
  Processing by PhotosController#index as HTML
  [1m[35mPhoto Load (0.6ms)[0m  SELECT `photos`.* FROM `photos`
Rendered photos/index.html.erb within layouts/application (24.4ms)
Completed 200 OK in 48ms (Views: 31.6ms | ActiveRecord: 0.6ms)


Started GET "/photos/new" for 192.168.1.6 at 2011-06-24 15:36:55 +0530
  Processing by PhotosController#new as HTML
DEPRECATION WARNING: <% %> style block helpers are deprecated. Please use <%= %>. (called from _app_views_photos_new_html_erb___1049145104_86377720_1006286645 at /home/chandru/exercise/webcam_app/app/views/photos/new.html.erb:22)
Rendered photos/new.html.erb within layouts/application (45.5ms)
Completed 200 OK in 53ms (Views: 52.5ms | ActiveRecord: 0.0ms)


Started POST "/photos/upload" for 192.168.1.6 at 2011-06-24 15:37:22 +0530
  Processing by PhotosController#upload as TEXT/*
Rendered text template (0.0ms)
Completed 200 OK in 2ms (Views: 1.3ms | ActiveRecord: 0.0ms)


Started POST "/photos" for 192.168.1.6 at 2011-06-24 15:37:27 +0530
  Processing by PhotosController#create as HTML
  Parameters: {"utf8"=>"✓", "authenticity_token"=>"e3H9mwLy4Scjjxv++/LK6K4hCzczLaNVUOnO4o7wbwM=", "photo"=>{"description"=>"jagesh"}, "commit"=>"Save the photo"}
[paperclip] identify -format %wx%h '/tmp/stream20110624-7140-d1g1le.jpg[0]' 2>/dev/null
[paperclip] convert '/tmp/stream20110624-7140-d1g1le.jpg[0]' -resize "300x300>" '/tmp/stream20110624-7140-d1g1le20110624-7140-180pp0' 2>/dev/null
[paperclip] identify -format %wx%h '/tmp/stream20110624-7140-d1g1le.jpg[0]' 2>/dev/null
[paperclip] convert '/tmp/stream20110624-7140-d1g1le.jpg[0]' -resize "100x100>" '/tmp/stream20110624-7140-d1g1le20110624-7140-16q4of4' 2>/dev/null
  [1m[36mSQL (0.1ms)[0m  [1mBEGIN[0m
  [1m[35mSQL (1.3ms)[0m  describe `photos`
  [1m[36mAREL (0.4ms)[0m  [1mINSERT INTO `photos` (`description`, `created_at`, `updated_at`, `image_file_name`, `image_content_type`, `image_file_size`, `image_updated_at`) VALUES ('jagesh', '2011-06-24 10:07:27', '2011-06-24 10:07:27', 'd4fda4126c87f9e8ce878cf0e5182654.jpg', 'image/jpeg', 49029, '2011-06-24 10:07:27')[0m
[paperclip] Saving attachments.
[paperclip] saving /home/chandru/exercise/webcam_app/public/system/images/4/original/d4fda4126c87f9e8ce878cf0e5182654.jpg
[paperclip] saving /home/chandru/exercise/webcam_app/public/system/images/4/medium/d4fda4126c87f9e8ce878cf0e5182654.jpg
[paperclip] saving /home/chandru/exercise/webcam_app/public/system/images/4/thumb/d4fda4126c87f9e8ce878cf0e5182654.jpg
  [1m[35mSQL (1.6ms)[0m  COMMIT
Redirected to http://192.168.1.51:3000/photos/4
Completed 302 Found in 371ms


Started GET "/photos/4" for 192.168.1.6 at 2011-06-24 15:37:28 +0530
  Processing by PhotosController#show as HTML
  Parameters: {"id"=>"4"}
  [1m[36mPhoto Load (0.3ms)[0m  [1mSELECT `photos`.* FROM `photos` WHERE (`photos`.`id` = 4) LIMIT 1[0m
Rendered photos/show.html.erb within layouts/application (10.0ms)
Completed 200 OK in 25ms (Views: 13.7ms | ActiveRecord: 3.7ms)


Started GET "/photos/new" for 192.168.1.6 at 2011-06-24 15:37:30 +0530
  Processing by PhotosController#new as HTML
DEPRECATION WARNING: <% %> style block helpers are deprecated. Please use <%= %>. (called from _app_views_photos_new_html_erb___1049145104_84118200_1006286645 at /home/chandru/exercise/webcam_app/app/views/photos/new.html.erb:22)
Rendered photos/new.html.erb within layouts/application (45.9ms)
Completed 200 OK in 53ms (Views: 52.9ms | ActiveRecord: 0.0ms)


Started POST "/photos/upload" for 192.168.1.6 at 2011-06-24 15:37:41 +0530
  Processing by PhotosController#upload as TEXT/*
Rendered text template (0.0ms)
Completed 200 OK in 3ms (Views: 1.3ms | ActiveRecord: 0.0ms)


Started POST "/photos" for 192.168.1.6 at 2011-06-24 15:37:45 +0530
  Processing by PhotosController#create as HTML
  Parameters: {"utf8"=>"✓", "authenticity_token"=>"e3H9mwLy4Scjjxv++/LK6K4hCzczLaNVUOnO4o7wbwM=", "photo"=>{"description"=>"hhh"}, "commit"=>"Save the photo"}
[paperclip] identify -format %wx%h '/tmp/stream20110624-7140-c0oysu.jpg[0]' 2>/dev/null
[paperclip] convert '/tmp/stream20110624-7140-c0oysu.jpg[0]' -resize "300x300>" '/tmp/stream20110624-7140-c0oysu20110624-7140-1giffd3' 2>/dev/null
[paperclip] identify -format %wx%h '/tmp/stream20110624-7140-c0oysu.jpg[0]' 2>/dev/null
[paperclip] convert '/tmp/stream20110624-7140-c0oysu.jpg[0]' -resize "100x100>" '/tmp/stream20110624-7140-c0oysu20110624-7140-12hdyae' 2>/dev/null
  [1m[35mSQL (0.1ms)[0m  BEGIN
  [1m[36mSQL (0.7ms)[0m  [1mdescribe `photos`[0m
  [1m[35mAREL (0.3ms)[0m  INSERT INTO `photos` (`description`, `created_at`, `updated_at`, `image_file_name`, `image_content_type`, `image_file_size`, `image_updated_at`) VALUES ('hhh', '2011-06-24 10:07:45', '2011-06-24 10:07:45', 'd4fda4126c87f9e8ce878cf0e5182654.jpg', 'image/jpeg', 49958, '2011-06-24 10:07:45')
[paperclip] Saving attachments.
[paperclip] saving /home/chandru/exercise/webcam_app/public/system/images/5/original/d4fda4126c87f9e8ce878cf0e5182654.jpg
[paperclip] saving /home/chandru/exercise/webcam_app/public/system/images/5/medium/d4fda4126c87f9e8ce878cf0e5182654.jpg
[paperclip] saving /home/chandru/exercise/webcam_app/public/system/images/5/thumb/d4fda4126c87f9e8ce878cf0e5182654.jpg
  [1m[36mSQL (1.5ms)[0m  [1mCOMMIT[0m
Redirected to http://192.168.1.51:3000/photos/5
Completed 302 Found in 297ms


Started GET "/photos/5" for 192.168.1.6 at 2011-06-24 15:37:45 +0530
  Processing by PhotosController#show as HTML
  Parameters: {"id"=>"5"}
  [1m[35mPhoto Load (0.5ms)[0m  SELECT `photos`.* FROM `photos` WHERE (`photos`.`id` = 5) LIMIT 1
Rendered photos/show.html.erb within layouts/application (11.6ms)
Completed 200 OK in 29ms (Views: 15.8ms | ActiveRecord: 3.1ms)


Started GET "/photos" for 192.168.1.6 at 2011-06-24 15:38:38 +0530
  Processing by PhotosController#index as HTML
  [1m[36mPhoto Load (0.5ms)[0m  [1mSELECT `photos`.* FROM `photos`[0m
Rendered photos/index.html.erb within layouts/application (80.6ms)
Completed 200 OK in 107ms (Views: 88.2ms | ActiveRecord: 0.5ms)


Started GET "/photos/4" for 192.168.1.6 at 2011-06-24 15:38:41 +0530
  Processing by PhotosController#show as HTML
  Parameters: {"id"=>"4"}
  [1m[35mPhoto Load (0.5ms)[0m  SELECT `photos`.* FROM `photos` WHERE (`photos`.`id` = 4) LIMIT 1
Rendered photos/show.html.erb within layouts/application (17.9ms)
Completed 200 OK in 44ms (Views: 25.2ms | ActiveRecord: 0.5ms)


Started GET "/photos/new" for 192.168.1.6 at 2011-06-24 15:38:42 +0530
  Processing by PhotosController#new as HTML
DEPRECATION WARNING: <% %> style block helpers are deprecated. Please use <%= %>. (called from _app_views_photos_new_html_erb___1049145104_84022330_1006286645 at /home/chandru/exercise/webcam_app/app/views/photos/new.html.erb:22)
Rendered photos/new.html.erb within layouts/application (44.0ms)
Completed 200 OK in 52ms (Views: 51.2ms | ActiveRecord: 0.0ms)


Started GET "/photos" for 192.168.1.6 at 2011-06-24 15:38:47 +0530
  Processing by PhotosController#index as HTML
  [1m[36mPhoto Load (0.6ms)[0m  [1mSELECT `photos`.* FROM `photos`[0m
Rendered photos/index.html.erb within layouts/application (30.7ms)
Completed 200 OK in 55ms (Views: 37.6ms | ActiveRecord: 0.6ms)


Started GET "/photos/1" for 192.168.1.6 at 2011-06-24 15:38:50 +0530
  Processing by PhotosController#show as HTML
  Parameters: {"id"=>"1"}
  [1m[35mPhoto Load (0.4ms)[0m  SELECT `photos`.* FROM `photos` WHERE (`photos`.`id` = 1) LIMIT 1
Rendered photos/show.html.erb within layouts/application (18.6ms)
Completed 200 OK in 45ms (Views: 25.7ms | ActiveRecord: 0.4ms)


Started GET "/photos" for 192.168.1.6 at 2011-06-24 15:38:53 +0530
  Processing by PhotosController#index as HTML
  [1m[36mPhoto Load (0.6ms)[0m  [1mSELECT `photos`.* FROM `photos`[0m
Rendered photos/index.html.erb within layouts/application (30.7ms)
Completed 200 OK in 55ms (Views: 37.7ms | ActiveRecord: 0.6ms)


Started GET "/photos/new" for 192.168.1.5 at 2011-06-24 15:39:48 +0530
  Processing by PhotosController#new as HTML
DEPRECATION WARNING: <% %> style block helpers are deprecated. Please use <%= %>. (called from _app_views_photos_new_html_erb___1049145104_83577320_1006286645 at /home/chandru/exercise/webcam_app/app/views/photos/new.html.erb:22)
Rendered photos/new.html.erb within layouts/application (45.0ms)
Completed 200 OK in 52ms (Views: 51.8ms | ActiveRecord: 0.0ms)


Started POST "/photos/upload" for 192.168.1.5 at 2011-06-24 15:40:20 +0530
  Processing by PhotosController#upload as TEXT/*
Rendered text template (0.0ms)
Completed 200 OK in 2ms (Views: 1.3ms | ActiveRecord: 0.0ms)


Started POST "/photos" for 192.168.1.5 at 2011-06-24 15:40:24 +0530
  Processing by PhotosController#create as HTML
  Parameters: {"utf8"=>"✓", "authenticity_token"=>"e0nzpoEam50UELULWOEjW4KFeA13LtRJ1BUZgAttcmY=", "photo"=>{"description"=>"13231"}, "commit"=>"Save the photo"}
[paperclip] identify -format %wx%h '/tmp/stream20110624-7140-1vi1vt4.jpg[0]' 2>/dev/null
[paperclip] convert '/tmp/stream20110624-7140-1vi1vt4.jpg[0]' -resize "300x300>" '/tmp/stream20110624-7140-1vi1vt420110624-7140-1pyqxdo' 2>/dev/null
[paperclip] identify -format %wx%h '/tmp/stream20110624-7140-1vi1vt4.jpg[0]' 2>/dev/null
[paperclip] convert '/tmp/stream20110624-7140-1vi1vt4.jpg[0]' -resize "100x100>" '/tmp/stream20110624-7140-1vi1vt420110624-7140-1mjrxet' 2>/dev/null
  [1m[35mSQL (0.2ms)[0m  BEGIN
  [1m[36mSQL (1.3ms)[0m  [1mdescribe `photos`[0m
  [1m[35mAREL (0.5ms)[0m  INSERT INTO `photos` (`description`, `created_at`, `updated_at`, `image_file_name`, `image_content_type`, `image_file_size`, `image_updated_at`) VALUES ('13231', '2011-06-24 10:10:24', '2011-06-24 10:10:24', 'c6110f40c27b315174289236fb40c14c.jpg', 'image/jpeg', 51062, '2011-06-24 10:10:24')
[paperclip] Saving attachments.
[paperclip] saving /home/chandru/exercise/webcam_app/public/system/images/6/original/c6110f40c27b315174289236fb40c14c.jpg
[paperclip] saving /home/chandru/exercise/webcam_app/public/system/images/6/medium/c6110f40c27b315174289236fb40c14c.jpg
[paperclip] saving /home/chandru/exercise/webcam_app/public/system/images/6/thumb/c6110f40c27b315174289236fb40c14c.jpg
  [1m[36mSQL (2.3ms)[0m  [1mCOMMIT[0m
Redirected to http://192.168.1.51:3000/photos/6
Completed 302 Found in 288ms


Started GET "/photos/6" for 192.168.1.5 at 2011-06-24 15:40:24 +0530
  Processing by PhotosController#show as HTML
  Parameters: {"id"=>"6"}
  [1m[35mPhoto Load (0.4ms)[0m  SELECT `photos`.* FROM `photos` WHERE (`photos`.`id` = 6) LIMIT 1
Rendered photos/show.html.erb within layouts/application (27.1ms)
Completed 200 OK in 54ms (Views: 34.3ms | ActiveRecord: 4.7ms)


Started GET "/photos/new" for 192.168.1.5 at 2011-06-24 15:40:26 +0530
  Processing by PhotosController#new as HTML
DEPRECATION WARNING: <% %> style block helpers are deprecated. Please use <%= %>. (called from _app_views_photos_new_html_erb___1049145104_82724220_1006286645 at /home/chandru/exercise/webcam_app/app/views/photos/new.html.erb:22)
Rendered photos/new.html.erb within layouts/application (100.0ms)
Completed 200 OK in 108ms (Views: 107.0ms | ActiveRecord: 0.0ms)


Started POST "/photos/upload" for 192.168.1.5 at 2011-06-24 15:40:34 +0530
  Processing by PhotosController#upload as TEXT/*
Rendered text template (0.0ms)
Completed 200 OK in 2ms (Views: 1.3ms | ActiveRecord: 0.0ms)


Started POST "/photos" for 192.168.1.5 at 2011-06-24 15:40:39 +0530
  Processing by PhotosController#create as HTML
  Parameters: {"utf8"=>"✓", "authenticity_token"=>"e0nzpoEam50UELULWOEjW4KFeA13LtRJ1BUZgAttcmY=", "photo"=>{"description"=>"6262"}, "commit"=>"Save the photo"}
[paperclip] identify -format %wx%h '/tmp/stream20110624-7140-1w8ek8o.jpg[0]' 2>/dev/null
[paperclip] convert '/tmp/stream20110624-7140-1w8ek8o.jpg[0]' -resize "300x300>" '/tmp/stream20110624-7140-1w8ek8o20110624-7140-e53mjl' 2>/dev/null
[paperclip] identify -format %wx%h '/tmp/stream20110624-7140-1w8ek8o.jpg[0]' 2>/dev/null
[paperclip] convert '/tmp/stream20110624-7140-1w8ek8o.jpg[0]' -resize "100x100>" '/tmp/stream20110624-7140-1w8ek8o20110624-7140-fd5hs2' 2>/dev/null
  [1m[36mSQL (0.1ms)[0m  [1mBEGIN[0m
  [1m[35mSQL (0.7ms)[0m  describe `photos`
  [1m[36mAREL (0.3ms)[0m  [1mINSERT INTO `photos` (`description`, `created_at`, `updated_at`, `image_file_name`, `image_content_type`, `image_file_size`, `image_updated_at`) VALUES ('6262', '2011-06-24 10:10:39', '2011-06-24 10:10:39', 'c6110f40c27b315174289236fb40c14c.jpg', 'image/jpeg', 54052, '2011-06-24 10:10:39')[0m
[paperclip] Saving attachments.
[paperclip] saving /home/chandru/exercise/webcam_app/public/system/images/7/original/c6110f40c27b315174289236fb40c14c.jpg
[paperclip] saving /home/chandru/exercise/webcam_app/public/system/images/7/medium/c6110f40c27b315174289236fb40c14c.jpg
[paperclip] saving /home/chandru/exercise/webcam_app/public/system/images/7/thumb/c6110f40c27b315174289236fb40c14c.jpg
  [1m[35mSQL (1.6ms)[0m  COMMIT
Redirected to http://192.168.1.51:3000/photos/7
Completed 302 Found in 258ms


Started GET "/photos/7" for 192.168.1.5 at 2011-06-24 15:40:39 +0530
  Processing by PhotosController#show as HTML
  Parameters: {"id"=>"7"}
  [1m[36mPhoto Load (0.3ms)[0m  [1mSELECT `photos`.* FROM `photos` WHERE (`photos`.`id` = 7) LIMIT 1[0m
Rendered photos/show.html.erb within layouts/application (10.5ms)
Completed 200 OK in 26ms (Views: 14.7ms | ActiveRecord: 3.0ms)


Started GET "/photos/new" for 192.168.1.5 at 2011-06-24 15:40:44 +0530
  Processing by PhotosController#new as HTML
DEPRECATION WARNING: <% %> style block helpers are deprecated. Please use <%= %>. (called from _app_views_photos_new_html_erb___1049145104_86352820_1006286645 at /home/chandru/exercise/webcam_app/app/views/photos/new.html.erb:22)
Rendered photos/new.html.erb within layouts/application (45.6ms)
Completed 200 OK in 53ms (Views: 52.7ms | ActiveRecord: 0.0ms)


Started POST "/photos/upload" for 192.168.1.5 at 2011-06-24 15:41:04 +0530
  Processing by PhotosController#upload as TEXT/*
Rendered text template (0.0ms)
Completed 200 OK in 2ms (Views: 1.3ms | ActiveRecord: 0.0ms)


Started POST "/photos" for 192.168.1.5 at 2011-06-24 15:41:11 +0530
  Processing by PhotosController#create as HTML
  Parameters: {"utf8"=>"✓", "authenticity_token"=>"e0nzpoEam50UELULWOEjW4KFeA13LtRJ1BUZgAttcmY=", "photo"=>{"description"=>"a"}, "commit"=>"Save the photo"}
[paperclip] identify -format %wx%h '/tmp/stream20110624-7140-8ii5p.jpg[0]' 2>/dev/null
[paperclip] convert '/tmp/stream20110624-7140-8ii5p.jpg[0]' -resize "300x300>" '/tmp/stream20110624-7140-8ii5p20110624-7140-91ny2q' 2>/dev/null
[paperclip] identify -format %wx%h '/tmp/stream20110624-7140-8ii5p.jpg[0]' 2>/dev/null
[paperclip] convert '/tmp/stream20110624-7140-8ii5p.jpg[0]' -resize "100x100>" '/tmp/stream20110624-7140-8ii5p20110624-7140-1peq9jz' 2>/dev/null
  [1m[35mSQL (0.1ms)[0m  BEGIN
  [1m[36mSQL (1.3ms)[0m  [1mdescribe `photos`[0m
  [1m[35mAREL (0.5ms)[0m  INSERT INTO `photos` (`description`, `created_at`, `updated_at`, `image_file_name`, `image_content_type`, `image_file_size`, `image_updated_at`) VALUES ('a', '2011-06-24 10:11:11', '2011-06-24 10:11:11', 'c6110f40c27b315174289236fb40c14c.jpg', 'image/jpeg', 57306, '2011-06-24 10:11:11')
[paperclip] Saving attachments.
[paperclip] saving /home/chandru/exercise/webcam_app/public/system/images/8/original/c6110f40c27b315174289236fb40c14c.jpg
[paperclip] saving /home/chandru/exercise/webcam_app/public/system/images/8/medium/c6110f40c27b315174289236fb40c14c.jpg
[paperclip] saving /home/chandru/exercise/webcam_app/public/system/images/8/thumb/c6110f40c27b315174289236fb40c14c.jpg
  [1m[36mSQL (1.6ms)[0m  [1mCOMMIT[0m
Redirected to http://192.168.1.51:3000/photos/8
Completed 302 Found in 290ms


Started GET "/photos/8" for 192.168.1.5 at 2011-06-24 15:41:11 +0530
  Processing by PhotosController#show as HTML
  Parameters: {"id"=>"8"}
  [1m[35mPhoto Load (0.4ms)[0m  SELECT `photos`.* FROM `photos` WHERE (`photos`.`id` = 8) LIMIT 1
Rendered photos/show.html.erb within layouts/application (74.8ms)
Completed 200 OK in 102ms (Views: 82.4ms | ActiveRecord: 3.9ms)


Started GET "/photos/new" for 192.168.1.5 at 2011-06-24 15:41:14 +0530
  Processing by PhotosController#new as HTML
DEPRECATION WARNING: <% %> style block helpers are deprecated. Please use <%= %>. (called from _app_views_photos_new_html_erb___1049145104_86110840_1006286645 at /home/chandru/exercise/webcam_app/app/views/photos/new.html.erb:22)
Rendered photos/new.html.erb within layouts/application (45.1ms)
Completed 200 OK in 53ms (Views: 52.1ms | ActiveRecord: 0.0ms)


Started POST "/photos/upload" for 192.168.1.5 at 2011-06-24 15:41:27 +0530
  Processing by PhotosController#upload as TEXT/*
Rendered text template (0.0ms)
Completed 200 OK in 2ms (Views: 1.2ms | ActiveRecord: 0.0ms)


Started POST "/photos" for 192.168.1.5 at 2011-06-24 15:41:31 +0530
  Processing by PhotosController#create as HTML
  Parameters: {"utf8"=>"✓", "authenticity_token"=>"e0nzpoEam50UELULWOEjW4KFeA13LtRJ1BUZgAttcmY=", "photo"=>{"description"=>"a"}, "commit"=>"Save the photo"}
[paperclip] identify -format %wx%h '/tmp/stream20110624-7140-j91pn7.jpg[0]' 2>/dev/null
[paperclip] convert '/tmp/stream20110624-7140-j91pn7.jpg[0]' -resize "300x300>" '/tmp/stream20110624-7140-j91pn720110624-7140-d4iov7' 2>/dev/null
[paperclip] identify -format %wx%h '/tmp/stream20110624-7140-j91pn7.jpg[0]' 2>/dev/null
[paperclip] convert '/tmp/stream20110624-7140-j91pn7.jpg[0]' -resize "100x100>" '/tmp/stream20110624-7140-j91pn720110624-7140-qi4jzl' 2>/dev/null
  [1m[36mSQL (0.1ms)[0m  [1mBEGIN[0m
  [1m[35mSQL (0.7ms)[0m  describe `photos`
  [1m[36mAREL (0.3ms)[0m  [1mINSERT INTO `photos` (`description`, `created_at`, `updated_at`, `image_file_name`, `image_content_type`, `image_file_size`, `image_updated_at`) VALUES ('a', '2011-06-24 10:11:31', '2011-06-24 10:11:31', 'c6110f40c27b315174289236fb40c14c.jpg', 'image/jpeg', 57093, '2011-06-24 10:11:31')[0m
[paperclip] Saving attachments.
[paperclip] saving /home/chandru/exercise/webcam_app/public/system/images/9/original/c6110f40c27b315174289236fb40c14c.jpg
[paperclip] saving /home/chandru/exercise/webcam_app/public/system/images/9/medium/c6110f40c27b315174289236fb40c14c.jpg
[paperclip] saving /home/chandru/exercise/webcam_app/public/system/images/9/thumb/c6110f40c27b315174289236fb40c14c.jpg
  [1m[35mSQL (1.8ms)[0m  COMMIT
Redirected to http://192.168.1.51:3000/photos/9
Completed 302 Found in 264ms


Started GET "/photos/9" for 192.168.1.5 at 2011-06-24 15:41:32 +0530
  Processing by PhotosController#show as HTML
  Parameters: {"id"=>"9"}
  [1m[36mPhoto Load (0.4ms)[0m  [1mSELECT `photos`.* FROM `photos` WHERE (`photos`.`id` = 9) LIMIT 1[0m
Rendered photos/show.html.erb within layouts/application (19.2ms)
Completed 200 OK in 46ms (Views: 26.4ms | ActiveRecord: 3.2ms)


Started GET "/photos/new" for 192.168.1.5 at 2011-06-24 15:41:33 +0530
  Processing by PhotosController#new as HTML
DEPRECATION WARNING: <% %> style block helpers are deprecated. Please use <%= %>. (called from _app_views_photos_new_html_erb___1049145104_85529440_1006286645 at /home/chandru/exercise/webcam_app/app/views/photos/new.html.erb:22)
Rendered photos/new.html.erb within layouts/application (44.6ms)
Completed 200 OK in 52ms (Views: 51.4ms | ActiveRecord: 0.0ms)


Started POST "/photos/upload" for 192.168.1.5 at 2011-06-24 15:41:43 +0530
  Processing by PhotosController#upload as TEXT/*
Rendered text template (0.0ms)
Completed 200 OK in 3ms (Views: 1.3ms | ActiveRecord: 0.0ms)


Started POST "/photos" for 192.168.1.5 at 2011-06-24 15:41:46 +0530
  Processing by PhotosController#create as HTML
  Parameters: {"utf8"=>"✓", "authenticity_token"=>"e0nzpoEam50UELULWOEjW4KFeA13LtRJ1BUZgAttcmY=", "photo"=>{"description"=>""}, "commit"=>"Save the photo"}
[paperclip] identify -format %wx%h '/tmp/stream20110624-7140-mb5dj9.jpg[0]' 2>/dev/null
[paperclip] convert '/tmp/stream20110624-7140-mb5dj9.jpg[0]' -resize "300x300>" '/tmp/stream20110624-7140-mb5dj920110624-7140-de37az' 2>/dev/null
[paperclip] identify -format %wx%h '/tmp/stream20110624-7140-mb5dj9.jpg[0]' 2>/dev/null
[paperclip] convert '/tmp/stream20110624-7140-mb5dj9.jpg[0]' -resize "100x100>" '/tmp/stream20110624-7140-mb5dj920110624-7140-1aemkbc' 2>/dev/null
  [1m[35mSQL (0.1ms)[0m  BEGIN
  [1m[36mSQL (1.3ms)[0m  [1mdescribe `photos`[0m
  [1m[35mAREL (0.5ms)[0m  INSERT INTO `photos` (`description`, `created_at`, `updated_at`, `image_file_name`, `image_content_type`, `image_file_size`, `image_updated_at`) VALUES ('', '2011-06-24 10:11:46', '2011-06-24 10:11:46', 'c6110f40c27b315174289236fb40c14c.jpg', 'image/jpeg', 51746, '2011-06-24 10:11:46')
[paperclip] Saving attachments.
[paperclip] saving /home/chandru/exercise/webcam_app/public/system/images/10/original/c6110f40c27b315174289236fb40c14c.jpg
[paperclip] saving /home/chandru/exercise/webcam_app/public/system/images/10/medium/c6110f40c27b315174289236fb40c14c.jpg
[paperclip] saving /home/chandru/exercise/webcam_app/public/system/images/10/thumb/c6110f40c27b315174289236fb40c14c.jpg
  [1m[36mSQL (1.9ms)[0m  [1mCOMMIT[0m
Redirected to http://192.168.1.51:3000/photos/10
Completed 302 Found in 354ms


Started GET "/photos/10" for 192.168.1.5 at 2011-06-24 15:41:47 +0530
  Processing by PhotosController#show as HTML
  Parameters: {"id"=>"10"}
  [1m[35mPhoto Load (0.4ms)[0m  SELECT `photos`.* FROM `photos` WHERE (`photos`.`id` = 10) LIMIT 1
Rendered photos/show.html.erb within layouts/application (18.6ms)
Completed 200 OK in 46ms (Views: 25.7ms | ActiveRecord: 4.2ms)


Started GET "/photos/new" for 192.168.1.5 at 2011-06-24 15:41:48 +0530
  Processing by PhotosController#new as HTML
DEPRECATION WARNING: <% %> style block helpers are deprecated. Please use <%= %>. (called from _app_views_photos_new_html_erb___1049145104_84541860_1006286645 at /home/chandru/exercise/webcam_app/app/views/photos/new.html.erb:22)
Rendered photos/new.html.erb within layouts/application (44.2ms)
Completed 200 OK in 52ms (Views: 51.2ms | ActiveRecord: 0.0ms)


Started POST "/photos/upload" for 192.168.1.5 at 2011-06-24 15:41:56 +0530
  Processing by PhotosController#upload as TEXT/*
Rendered text template (0.0ms)
Completed 200 OK in 2ms (Views: 1.3ms | ActiveRecord: 0.0ms)


Started POST "/photos" for 192.168.1.5 at 2011-06-24 15:41:59 +0530
  Processing by PhotosController#create as HTML
  Parameters: {"utf8"=>"✓", "authenticity_token"=>"e0nzpoEam50UELULWOEjW4KFeA13LtRJ1BUZgAttcmY=", "photo"=>{"description"=>""}, "commit"=>"Save the photo"}
[paperclip] identify -format %wx%h '/tmp/stream20110624-7140-1lty9o9.jpg[0]' 2>/dev/null
[paperclip] convert '/tmp/stream20110624-7140-1lty9o9.jpg[0]' -resize "300x300>" '/tmp/stream20110624-7140-1lty9o920110624-7140-172ca4z' 2>/dev/null
[paperclip] identify -format %wx%h '/tmp/stream20110624-7140-1lty9o9.jpg[0]' 2>/dev/null
[paperclip] convert '/tmp/stream20110624-7140-1lty9o9.jpg[0]' -resize "100x100>" '/tmp/stream20110624-7140-1lty9o920110624-7140-tvwqse' 2>/dev/null
  [1m[36mSQL (0.1ms)[0m  [1mBEGIN[0m
  [1m[35mSQL (1.2ms)[0m  describe `photos`
  [1m[36mAREL (0.5ms)[0m  [1mINSERT INTO `photos` (`description`, `created_at`, `updated_at`, `image_file_name`, `image_content_type`, `image_file_size`, `image_updated_at`) VALUES ('', '2011-06-24 10:11:59', '2011-06-24 10:11:59', 'c6110f40c27b315174289236fb40c14c.jpg', 'image/jpeg', 59512, '2011-06-24 10:11:59')[0m
[paperclip] Saving attachments.
[paperclip] saving /home/chandru/exercise/webcam_app/public/system/images/11/original/c6110f40c27b315174289236fb40c14c.jpg
[paperclip] saving /home/chandru/exercise/webcam_app/public/system/images/11/medium/c6110f40c27b315174289236fb40c14c.jpg
[paperclip] saving /home/chandru/exercise/webcam_app/public/system/images/11/thumb/c6110f40c27b315174289236fb40c14c.jpg
  [1m[35mSQL (2.0ms)[0m  COMMIT
Redirected to http://192.168.1.51:3000/photos/11
Completed 302 Found in 379ms


Started GET "/photos/11" for 192.168.1.5 at 2011-06-24 15:41:59 +0530
  Processing by PhotosController#show as HTML
  Parameters: {"id"=>"11"}
  [1m[36mPhoto Load (0.4ms)[0m  [1mSELECT `photos`.* FROM `photos` WHERE (`photos`.`id` = 11) LIMIT 1[0m
Rendered photos/show.html.erb within layouts/application (19.4ms)
Completed 200 OK in 48ms (Views: 26.9ms | ActiveRecord: 4.2ms)


Started GET "/photos/new" for 192.168.1.5 at 2011-06-24 15:42:03 +0530
  Processing by PhotosController#new as HTML
DEPRECATION WARNING: <% %> style block helpers are deprecated. Please use <%= %>. (called from _app_views_photos_new_html_erb___1049145104_84155650_1006286645 at /home/chandru/exercise/webcam_app/app/views/photos/new.html.erb:22)
Rendered photos/new.html.erb within layouts/application (44.5ms)
Completed 200 OK in 52ms (Views: 51.4ms | ActiveRecord: 0.0ms)


Started POST "/photos/upload" for 192.168.1.5 at 2011-06-24 15:42:18 +0530
  Processing by PhotosController#upload as TEXT/*
Rendered text template (0.0ms)
Completed 200 OK in 2ms (Views: 1.2ms | ActiveRecord: 0.0ms)


Started POST "/photos" for 192.168.1.5 at 2011-06-24 15:42:20 +0530
  Processing by PhotosController#create as HTML
  Parameters: {"utf8"=>"✓", "authenticity_token"=>"e0nzpoEam50UELULWOEjW4KFeA13LtRJ1BUZgAttcmY=", "photo"=>{"description"=>""}, "commit"=>"Save the photo"}
[paperclip] identify -format %wx%h '/tmp/stream20110624-7140-jr0dnh.jpg[0]' 2>/dev/null
[paperclip] convert '/tmp/stream20110624-7140-jr0dnh.jpg[0]' -resize "300x300>" '/tmp/stream20110624-7140-jr0dnh20110624-7140-l1jwi9' 2>/dev/null
[paperclip] identify -format %wx%h '/tmp/stream20110624-7140-jr0dnh.jpg[0]' 2>/dev/null
[paperclip] convert '/tmp/stream20110624-7140-jr0dnh.jpg[0]' -resize "100x100>" '/tmp/stream20110624-7140-jr0dnh20110624-7140-ajriz5' 2>/dev/null
  [1m[35mSQL (0.2ms)[0m  BEGIN
  [1m[36mSQL (1.3ms)[0m  [1mdescribe `photos`[0m
  [1m[35mAREL (0.5ms)[0m  INSERT INTO `photos` (`description`, `created_at`, `updated_at`, `image_file_name`, `image_content_type`, `image_file_size`, `image_updated_at`) VALUES ('', '2011-06-24 10:12:21', '2011-06-24 10:12:21', 'c6110f40c27b315174289236fb40c14c.jpg', 'image/jpeg', 48071, '2011-06-24 10:12:20')
[paperclip] Saving attachments.
[paperclip] saving /home/chandru/exercise/webcam_app/public/system/images/12/original/c6110f40c27b315174289236fb40c14c.jpg
[paperclip] saving /home/chandru/exercise/webcam_app/public/system/images/12/medium/c6110f40c27b315174289236fb40c14c.jpg
[paperclip] saving /home/chandru/exercise/webcam_app/public/system/images/12/thumb/c6110f40c27b315174289236fb40c14c.jpg
  [1m[36mSQL (1.6ms)[0m  [1mCOMMIT[0m
Redirected to http://192.168.1.51:3000/photos/12
Completed 302 Found in 403ms


Started GET "/photos/12" for 192.168.1.5 at 2011-06-24 15:42:21 +0530
  Processing by PhotosController#show as HTML
  Parameters: {"id"=>"12"}
  [1m[35mPhoto Load (0.5ms)[0m  SELECT `photos`.* FROM `photos` WHERE (`photos`.`id` = 12) LIMIT 1
Rendered photos/show.html.erb within layouts/application (19.0ms)
Completed 200 OK in 49ms (Views: 26.3ms | ActiveRecord: 4.1ms)


Started GET "/photos" for 192.168.1.5 at 2011-06-24 15:42:24 +0530
  Processing by PhotosController#index as HTML
  [1m[36mPhoto Load (0.6ms)[0m  [1mSELECT `photos`.* FROM `photos`[0m
Rendered photos/index.html.erb within layouts/application (52.6ms)
Completed 200 OK in 79ms (Views: 60.0ms | ActiveRecord: 0.6ms)


Started GET "/photos/1" for 192.168.1.5 at 2011-06-24 15:42:34 +0530
  Processing by PhotosController#show as HTML
  Parameters: {"id"=>"1"}
  [1m[35mPhoto Load (0.5ms)[0m  SELECT `photos`.* FROM `photos` WHERE (`photos`.`id` = 1) LIMIT 1
Rendered photos/show.html.erb within layouts/application (18.4ms)
Completed 200 OK in 45ms (Views: 25.4ms | ActiveRecord: 0.5ms)


Started GET "/photos/2" for 192.168.1.5 at 2011-06-24 15:42:40 +0530
  Processing by PhotosController#show as HTML
  Parameters: {"id"=>"2"}
  [1m[36mPhoto Load (0.4ms)[0m  [1mSELECT `photos`.* FROM `photos` WHERE (`photos`.`id` = 2) LIMIT 1[0m
Rendered photos/show.html.erb within layouts/application (19.4ms)
Completed 200 OK in 46ms (Views: 26.7ms | ActiveRecord: 0.4ms)


Started GET "/photos" for 192.168.1.5 at 2011-06-24 15:42:42 +0530
  Processing by PhotosController#index as HTML
  [1m[35mPhoto Load (0.6ms)[0m  SELECT `photos`.* FROM `photos`
Rendered photos/index.html.erb within layouts/application (49.6ms)
Completed 200 OK in 74ms (Views: 56.6ms | ActiveRecord: 0.6ms)


Started GET "/photos/4" for 192.168.1.5 at 2011-06-24 15:42:44 +0530
  Processing by PhotosController#show as HTML
  Parameters: {"id"=>"4"}
  [1m[36mPhoto Load (0.5ms)[0m  [1mSELECT `photos`.* FROM `photos` WHERE (`photos`.`id` = 4) LIMIT 1[0m
Rendered photos/show.html.erb within layouts/application (18.5ms)
Completed 200 OK in 45ms (Views: 25.5ms | ActiveRecord: 0.5ms)


Started GET "/photos/new" for 192.168.1.5 at 2011-06-24 15:42:48 +0530
  Processing by PhotosController#new as HTML
DEPRECATION WARNING: <% %> style block helpers are deprecated. Please use <%= %>. (called from _app_views_photos_new_html_erb___1049145104_85402390_1006286645 at /home/chandru/exercise/webcam_app/app/views/photos/new.html.erb:22)
Rendered photos/new.html.erb within layouts/application (44.2ms)
Completed 200 OK in 52ms (Views: 51.0ms | ActiveRecord: 0.0ms)


Started POST "/photos/upload" for 192.168.1.5 at 2011-06-24 15:43:11 +0530
  Processing by PhotosController#upload as TEXT/*
Rendered text template (0.0ms)
Completed 200 OK in 3ms (Views: 1.3ms | ActiveRecord: 0.0ms)


Started POST "/photos" for 192.168.1.5 at 2011-06-24 15:43:15 +0530
  Processing by PhotosController#create as HTML
  Parameters: {"utf8"=>"✓", "authenticity_token"=>"e0nzpoEam50UELULWOEjW4KFeA13LtRJ1BUZgAttcmY=", "photo"=>{"description"=>""}, "commit"=>"Save the photo"}
[paperclip] identify -format %wx%h '/tmp/stream20110624-7140-14b3grp.jpg[0]' 2>/dev/null
[paperclip] convert '/tmp/stream20110624-7140-14b3grp.jpg[0]' -resize "300x300>" '/tmp/stream20110624-7140-14b3grp20110624-7140-7zsedr' 2>/dev/null
[paperclip] identify -format %wx%h '/tmp/stream20110624-7140-14b3grp.jpg[0]' 2>/dev/null
[paperclip] convert '/tmp/stream20110624-7140-14b3grp.jpg[0]' -resize "100x100>" '/tmp/stream20110624-7140-14b3grp20110624-7140-1k78see' 2>/dev/null
  [1m[35mSQL (0.1ms)[0m  BEGIN
  [1m[36mSQL (0.7ms)[0m  [1mdescribe `photos`[0m
  [1m[35mAREL (0.3ms)[0m  INSERT INTO `photos` (`description`, `created_at`, `updated_at`, `image_file_name`, `image_content_type`, `image_file_size`, `image_updated_at`) VALUES ('', '2011-06-24 10:13:15', '2011-06-24 10:13:15', 'c6110f40c27b315174289236fb40c14c.jpg', 'image/jpeg', 58079, '2011-06-24 10:13:15')
[paperclip] Saving attachments.
[paperclip] saving /home/chandru/exercise/webcam_app/public/system/images/13/original/c6110f40c27b315174289236fb40c14c.jpg
[paperclip] saving /home/chandru/exercise/webcam_app/public/system/images/13/medium/c6110f40c27b315174289236fb40c14c.jpg
[paperclip] saving /home/chandru/exercise/webcam_app/public/system/images/13/thumb/c6110f40c27b315174289236fb40c14c.jpg
  [1m[36mSQL (1.6ms)[0m  [1mCOMMIT[0m
Redirected to http://192.168.1.51:3000/photos/13
Completed 302 Found in 296ms


Started GET "/photos/13" for 192.168.1.5 at 2011-06-24 15:43:15 +0530
  Processing by PhotosController#show as HTML
  Parameters: {"id"=>"13"}
  [1m[35mPhoto Load (0.4ms)[0m  SELECT `photos`.* FROM `photos` WHERE (`photos`.`id` = 13) LIMIT 1
Rendered photos/show.html.erb within layouts/application (11.4ms)
Completed 200 OK in 29ms (Views: 16.1ms | ActiveRecord: 3.1ms)


Started GET "/photos/new" for 192.168.1.5 at 2011-06-24 15:43:17 +0530
  Processing by PhotosController#new as HTML
DEPRECATION WARNING: <% %> style block helpers are deprecated. Please use <%= %>. (called from _app_views_photos_new_html_erb___1049145104_84316600_1006286645 at /home/chandru/exercise/webcam_app/app/views/photos/new.html.erb:22)
Rendered photos/new.html.erb within layouts/application (45.6ms)
Completed 200 OK in 54ms (Views: 52.9ms | ActiveRecord: 0.0ms)


Started POST "/photos/upload" for 192.168.1.5 at 2011-06-24 15:43:44 +0530
  Processing by PhotosController#upload as TEXT/*
Rendered text template (0.0ms)
Completed 200 OK in 2ms (Views: 1.2ms | ActiveRecord: 0.0ms)


Started POST "/photos" for 192.168.1.5 at 2011-06-24 15:43:46 +0530
  Processing by PhotosController#create as HTML
  Parameters: {"utf8"=>"✓", "authenticity_token"=>"e0nzpoEam50UELULWOEjW4KFeA13LtRJ1BUZgAttcmY=", "photo"=>{"description"=>""}, "commit"=>"Save the photo"}
[paperclip] identify -format %wx%h '/tmp/stream20110624-7140-ipi5sq.jpg[0]' 2>/dev/null
[paperclip] convert '/tmp/stream20110624-7140-ipi5sq.jpg[0]' -resize "300x300>" '/tmp/stream20110624-7140-ipi5sq20110624-7140-3dc2ul' 2>/dev/null
[paperclip] identify -format %wx%h '/tmp/stream20110624-7140-ipi5sq.jpg[0]' 2>/dev/null
[paperclip] convert '/tmp/stream20110624-7140-ipi5sq.jpg[0]' -resize "100x100>" '/tmp/stream20110624-7140-ipi5sq20110624-7140-1q6hisc' 2>/dev/null
  [1m[36mSQL (0.1ms)[0m  [1mBEGIN[0m
  [1m[35mSQL (0.9ms)[0m  describe `photos`
  [1m[36mAREL (0.3ms)[0m  [1mINSERT INTO `photos` (`description`, `created_at`, `updated_at`, `image_file_name`, `image_content_type`, `image_file_size`, `image_updated_at`) VALUES ('', '2011-06-24 10:13:46', '2011-06-24 10:13:46', 'c6110f40c27b315174289236fb40c14c.jpg', 'image/jpeg', 53697, '2011-06-24 10:13:46')[0m
[paperclip] Saving attachments.
[paperclip] saving /home/chandru/exercise/webcam_app/public/system/images/14/original/c6110f40c27b315174289236fb40c14c.jpg
[paperclip] saving /home/chandru/exercise/webcam_app/public/system/images/14/medium/c6110f40c27b315174289236fb40c14c.jpg
[paperclip] saving /home/chandru/exercise/webcam_app/public/system/images/14/thumb/c6110f40c27b315174289236fb40c14c.jpg
  [1m[35mSQL (1.7ms)[0m  COMMIT
Redirected to http://192.168.1.51:3000/photos/14
Completed 302 Found in 345ms


Started GET "/photos/14" for 192.168.1.5 at 2011-06-24 15:43:46 +0530
  Processing by PhotosController#show as HTML
  Parameters: {"id"=>"14"}
  [1m[36mPhoto Load (0.4ms)[0m  [1mSELECT `photos`.* FROM `photos` WHERE (`photos`.`id` = 14) LIMIT 1[0m
Rendered photos/show.html.erb within layouts/application (10.8ms)
Completed 200 OK in 28ms (Views: 14.9ms | ActiveRecord: 3.4ms)


Started GET "/photos/new" for 192.168.1.51 at 2011-06-24 15:44:52 +0530
  Processing by PhotosController#new as HTML
DEPRECATION WARNING: <% %> style block helpers are deprecated. Please use <%= %>. (called from _app_views_photos_new_html_erb___1049145104_84023640_1006286645 at /home/chandru/exercise/webcam_app/app/views/photos/new.html.erb:22)
Rendered photos/new.html.erb within layouts/application (46.9ms)
Completed 200 OK in 55ms (Views: 54.0ms | ActiveRecord: 0.0ms)


Started POST "/photos/upload" for 192.168.1.51 at 2011-06-24 15:45:09 +0530
  Processing by PhotosController#upload as TEXT/*
Rendered text template (0.0ms)
Completed 200 OK in 1ms (Views: 0.8ms | ActiveRecord: 0.0ms)


Started POST "/photos" for 192.168.1.51 at 2011-06-24 15:45:14 +0530
  Processing by PhotosController#create as HTML
  Parameters: {"utf8"=>"✓", "authenticity_token"=>"69KSHboZMwd639UatZI9dqZKvnP1pH05Ldmr/wuE/xM=", "photo"=>{"description"=>"4545"}, "commit"=>"Save the photo"}
[paperclip] identify -format %wx%h '/tmp/stream20110624-7140-1g1dm90.jpg[0]' 2>/dev/null
[paperclip] convert '/tmp/stream20110624-7140-1g1dm90.jpg[0]' -resize "300x300>" '/tmp/stream20110624-7140-1g1dm9020110624-7140-373fyl' 2>/dev/null
[paperclip] identify -format %wx%h '/tmp/stream20110624-7140-1g1dm90.jpg[0]' 2>/dev/null
[paperclip] convert '/tmp/stream20110624-7140-1g1dm90.jpg[0]' -resize "100x100>" '/tmp/stream20110624-7140-1g1dm9020110624-7140-uug9wq' 2>/dev/null
  [1m[35mSQL (0.1ms)[0m  BEGIN
  [1m[36mSQL (0.8ms)[0m  [1mdescribe `photos`[0m
  [1m[35mAREL (0.3ms)[0m  INSERT INTO `photos` (`description`, `created_at`, `updated_at`, `image_file_name`, `image_content_type`, `image_file_size`, `image_updated_at`) VALUES ('4545', '2011-06-24 10:15:14', '2011-06-24 10:15:14', 'f9644cf9022f6075bfdad5c7ace5b7eb.jpg', 'image/jpeg', 48784, '2011-06-24 10:15:14')
[paperclip] Saving attachments.
[paperclip] saving /home/chandru/exercise/webcam_app/public/system/images/15/original/f9644cf9022f6075bfdad5c7ace5b7eb.jpg
[paperclip] saving /home/chandru/exercise/webcam_app/public/system/images/15/medium/f9644cf9022f6075bfdad5c7ace5b7eb.jpg
[paperclip] saving /home/chandru/exercise/webcam_app/public/system/images/15/thumb/f9644cf9022f6075bfdad5c7ace5b7eb.jpg
  [1m[36mSQL (1.7ms)[0m  [1mCOMMIT[0m
Redirected to http://192.168.1.51:3000/photos/15
Completed 302 Found in 216ms


Started GET "/photos/15" for 192.168.1.51 at 2011-06-24 15:45:14 +0530
  Processing by PhotosController#show as HTML
  Parameters: {"id"=>"15"}
  [1m[35mPhoto Load (0.9ms)[0m  SELECT `photos`.* FROM `photos` WHERE (`photos`.`id` = 15) LIMIT 1
Rendered photos/show.html.erb within layouts/application (11.1ms)
Completed 200 OK in 29ms (Views: 16.1ms | ActiveRecord: 3.7ms)


Started GET "/photos/new" for 192.168.1.51 at 2011-06-24 15:45:17 +0530
  Processing by PhotosController#new as HTML
DEPRECATION WARNING: <% %> style block helpers are deprecated. Please use <%= %>. (called from _app_views_photos_new_html_erb___1049145104_82987430_1006286645 at /home/chandru/exercise/webcam_app/app/views/photos/new.html.erb:22)
Rendered photos/new.html.erb within layouts/application (121.9ms)
Completed 200 OK in 130ms (Views: 129.6ms | ActiveRecord: 0.0ms)


Started GET "/photos/new" for 192.168.1.51 at 2011-06-24 15:46:18 +0530
  Processing by PhotosController#new as HTML
DEPRECATION WARNING: <% %> style block helpers are deprecated. Please use <%= %>. (called from _app_views_photos_new_html_erb___1049145104_86136460_1006286645 at /home/chandru/exercise/webcam_app/app/views/photos/new.html.erb:22)
Rendered photos/new.html.erb within layouts/application (46.5ms)
Completed 200 OK in 55ms (Views: 54.1ms | ActiveRecord: 0.0ms)


Started POST "/photos/upload" for 192.168.1.51 at 2011-06-24 15:47:16 +0530
  Processing by PhotosController#upload as TEXT/*
Rendered text template (0.0ms)
Completed 200 OK in 2ms (Views: 1.1ms | ActiveRecord: 0.0ms)


Started POST "/photos" for 192.168.1.51 at 2011-06-24 15:47:18 +0530
  Processing by PhotosController#create as HTML
  Parameters: {"utf8"=>"✓", "authenticity_token"=>"69KSHboZMwd639UatZI9dqZKvnP1pH05Ldmr/wuE/xM=", "photo"=>{"description"=>"313513"}, "commit"=>"Save the photo"}
[paperclip] identify -format %wx%h '/tmp/stream20110624-7140-1xu1iyp.jpg[0]' 2>/dev/null
[paperclip] convert '/tmp/stream20110624-7140-1xu1iyp.jpg[0]' -resize "300x300>" '/tmp/stream20110624-7140-1xu1iyp20110624-7140-1empxk8' 2>/dev/null
[paperclip] identify -format %wx%h '/tmp/stream20110624-7140-1xu1iyp.jpg[0]' 2>/dev/null
[paperclip] convert '/tmp/stream20110624-7140-1xu1iyp.jpg[0]' -resize "100x100>" '/tmp/stream20110624-7140-1xu1iyp20110624-7140-9nqycb' 2>/dev/null
  [1m[36mSQL (0.1ms)[0m  [1mBEGIN[0m
  [1m[35mSQL (0.7ms)[0m  describe `photos`
  [1m[36mAREL (0.8ms)[0m  [1mINSERT INTO `photos` (`description`, `created_at`, `updated_at`, `image_file_name`, `image_content_type`, `image_file_size`, `image_updated_at`) VALUES ('313513', '2011-06-24 10:17:18', '2011-06-24 10:17:18', 'f9644cf9022f6075bfdad5c7ace5b7eb.jpg', 'image/jpeg', 50409, '2011-06-24 10:17:18')[0m
[paperclip] Saving attachments.
[paperclip] saving /home/chandru/exercise/webcam_app/public/system/images/16/original/f9644cf9022f6075bfdad5c7ace5b7eb.jpg
[paperclip] saving /home/chandru/exercise/webcam_app/public/system/images/16/medium/f9644cf9022f6075bfdad5c7ace5b7eb.jpg
[paperclip] saving /home/chandru/exercise/webcam_app/public/system/images/16/thumb/f9644cf9022f6075bfdad5c7ace5b7eb.jpg
  [1m[35mSQL (1.7ms)[0m  COMMIT
Redirected to http://192.168.1.51:3000/photos/16
Completed 302 Found in 291ms


Started GET "/photos/16" for 192.168.1.51 at 2011-06-24 15:47:18 +0530
  Processing by PhotosController#show as HTML
  Parameters: {"id"=>"16"}
  [1m[36mPhoto Load (0.3ms)[0m  [1mSELECT `photos`.* FROM `photos` WHERE (`photos`.`id` = 16) LIMIT 1[0m
Rendered photos/show.html.erb within layouts/application (12.7ms)
Completed 200 OK in 77ms (Views: 17.9ms | ActiveRecord: 3.6ms)


Started GET "/photos/new" for 192.168.1.51 at 2011-06-24 15:47:22 +0530
  Processing by PhotosController#new as HTML
DEPRECATION WARNING: <% %> style block helpers are deprecated. Please use <%= %>. (called from _app_views_photos_new_html_erb___1049145104_85592930_1006286645 at /home/chandru/exercise/webcam_app/app/views/photos/new.html.erb:22)
Rendered photos/new.html.erb within layouts/application (48.0ms)
Completed 200 OK in 56ms (Views: 55.1ms | ActiveRecord: 0.0ms)


Started GET "/photos/new" for 192.168.1.51 at 2011-06-24 15:48:38 +0530
  Processing by PhotosController#new as HTML
DEPRECATION WARNING: <% %> style block helpers are deprecated. Please use <%= %>. (called from _app_views_photos_new_html_erb___1049145104_83897250_1006286645 at /home/chandru/exercise/webcam_app/app/views/photos/new.html.erb:22)
Rendered photos/new.html.erb within layouts/application (44.6ms)
Completed 200 OK in 52ms (Views: 51.8ms | ActiveRecord: 0.0ms)


Started GET "/photos/new" for 192.168.1.3 at 2011-06-24 15:49:13 +0530
  Processing by PhotosController#new as HTML
DEPRECATION WARNING: <% %> style block helpers are deprecated. Please use <%= %>. (called from _app_views_photos_new_html_erb___1049145104_82947040_1006286645 at /home/chandru/exercise/webcam_app/app/views/photos/new.html.erb:22)
Rendered photos/new.html.erb within layouts/application (95.5ms)
Completed 200 OK in 103ms (Views: 102.6ms | ActiveRecord: 0.0ms)


Started POST "/photos/upload" for 192.168.1.3 at 2011-06-24 15:49:48 +0530
  Processing by PhotosController#upload as TEXT/*
Rendered text template (0.0ms)
Completed 200 OK in 3ms (Views: 1.4ms | ActiveRecord: 0.0ms)


Started POST "/photos" for 192.168.1.3 at 2011-06-24 15:49:53 +0530
  Processing by PhotosController#create as HTML
  Parameters: {"utf8"=>"✓", "authenticity_token"=>"xyVqNqT2fIQmw9NfOfFR7EjBw1RC5uWl7pB69YScE88=", "photo"=>{"description"=>"sudhir"}, "commit"=>"Save the photo"}
[paperclip] identify -format %wx%h '/tmp/stream20110624-7140-1d9q3w5.jpg[0]' 2>/dev/null
[paperclip] convert '/tmp/stream20110624-7140-1d9q3w5.jpg[0]' -resize "300x300>" '/tmp/stream20110624-7140-1d9q3w520110624-7140-13zf9xq' 2>/dev/null
[paperclip] identify -format %wx%h '/tmp/stream20110624-7140-1d9q3w5.jpg[0]' 2>/dev/null
[paperclip] convert '/tmp/stream20110624-7140-1d9q3w5.jpg[0]' -resize "100x100>" '/tmp/stream20110624-7140-1d9q3w520110624-7140-1afo5wg' 2>/dev/null
  [1m[35mSQL (0.1ms)[0m  BEGIN
  [1m[36mSQL (0.7ms)[0m  [1mdescribe `photos`[0m
  [1m[35mAREL (0.3ms)[0m  INSERT INTO `photos` (`description`, `created_at`, `updated_at`, `image_file_name`, `image_content_type`, `image_file_size`, `image_updated_at`) VALUES ('sudhir', '2011-06-24 10:19:54', '2011-06-24 10:19:54', '780a0824251ebeb9178084adc5c112bd.jpg', 'image/jpeg', 61596, '2011-06-24 10:19:53')
[paperclip] Saving attachments.
[paperclip] saving /home/chandru/exercise/webcam_app/public/system/images/17/original/780a0824251ebeb9178084adc5c112bd.jpg
[paperclip] saving /home/chandru/exercise/webcam_app/public/system/images/17/medium/780a0824251ebeb9178084adc5c112bd.jpg
[paperclip] saving /home/chandru/exercise/webcam_app/public/system/images/17/thumb/780a0824251ebeb9178084adc5c112bd.jpg
  [1m[36mSQL (1.8ms)[0m  [1mCOMMIT[0m
Redirected to http://192.168.1.51:3000/photos/17
Completed 302 Found in 268ms


Started GET "/photos/17" for 192.168.1.3 at 2011-06-24 15:49:54 +0530
  Processing by PhotosController#show as HTML
  Parameters: {"id"=>"17"}
  [1m[35mPhoto Load (0.4ms)[0m  SELECT `photos`.* FROM `photos` WHERE (`photos`.`id` = 17) LIMIT 1
Rendered photos/show.html.erb within layouts/application (52.0ms)
Completed 200 OK in 68ms (Views: 56.0ms | ActiveRecord: 3.3ms)


Started GET "/photos/new" for 192.168.1.3 at 2011-06-24 15:50:05 +0530
  Processing by PhotosController#new as HTML
DEPRECATION WARNING: <% %> style block helpers are deprecated. Please use <%= %>. (called from _app_views_photos_new_html_erb___1049145104_86103040_1006286645 at /home/chandru/exercise/webcam_app/app/views/photos/new.html.erb:22)
Rendered photos/new.html.erb within layouts/application (46.8ms)
Completed 200 OK in 55ms (Views: 54.2ms | ActiveRecord: 0.0ms)


Started GET "/photos/" for 192.168.1.51 at 2011-06-24 15:50:06 +0530
  Processing by PhotosController#index as HTML
  [1m[36mPhoto Load (0.7ms)[0m  [1mSELECT `photos`.* FROM `photos`[0m
Rendered photos/index.html.erb within layouts/application (66.5ms)
Completed 200 OK in 93ms (Views: 73.9ms | ActiveRecord: 0.7ms)


Started GET "/photos/new" for 192.168.1.2 at 2011-06-24 15:50:28 +0530
  Processing by PhotosController#new as HTML
DEPRECATION WARNING: <% %> style block helpers are deprecated. Please use <%= %>. (called from _app_views_photos_new_html_erb___1049145104_85317900_1006286645 at /home/chandru/exercise/webcam_app/app/views/photos/new.html.erb:22)
Rendered photos/new.html.erb within layouts/application (46.1ms)
Completed 200 OK in 54ms (Views: 53.4ms | ActiveRecord: 0.0ms)


Started POST "/photos/upload" for 192.168.1.2 at 2011-06-24 15:51:08 +0530
  Processing by PhotosController#upload as HTML
Rendered text template (0.0ms)
Completed 200 OK in 3ms (Views: 1.3ms | ActiveRecord: 0.0ms)


Started POST "/photos" for 192.168.1.2 at 2011-06-24 15:51:15 +0530
  Processing by PhotosController#create as HTML
  Parameters: {"utf8"=>"✓", "authenticity_token"=>"0QqqUG87XQ14l1qAXmAfzUKL54ZKVlArQxWOtLMcigg=", "photo"=>{"description"=>"PO"}, "commit"=>"Save the photo"}
[paperclip] identify -format %wx%h '/tmp/stream20110624-7140-1savzys.jpg[0]' 2>/dev/null
[paperclip] convert '/tmp/stream20110624-7140-1savzys.jpg[0]' -resize "300x300>" '/tmp/stream20110624-7140-1savzys20110624-7140-10wdbnc' 2>/dev/null
[paperclip] identify -format %wx%h '/tmp/stream20110624-7140-1savzys.jpg[0]' 2>/dev/null
[paperclip] convert '/tmp/stream20110624-7140-1savzys.jpg[0]' -resize "100x100>" '/tmp/stream20110624-7140-1savzys20110624-7140-1ypmx9s' 2>/dev/null
  [1m[35mSQL (0.1ms)[0m  BEGIN
  [1m[36mSQL (0.7ms)[0m  [1mdescribe `photos`[0m
  [1m[35mAREL (0.3ms)[0m  INSERT INTO `photos` (`description`, `created_at`, `updated_at`, `image_file_name`, `image_content_type`, `image_file_size`, `image_updated_at`) VALUES ('PO', '2011-06-24 10:21:16', '2011-06-24 10:21:16', 'a6ca499becd7baaee368b2b295669118.jpg', 'image/jpeg', 82821, '2011-06-24 10:21:16')
[paperclip] Saving attachments.
[paperclip] saving /home/chandru/exercise/webcam_app/public/system/images/18/original/a6ca499becd7baaee368b2b295669118.jpg
[paperclip] saving /home/chandru/exercise/webcam_app/public/system/images/18/medium/a6ca499becd7baaee368b2b295669118.jpg
[paperclip] saving /home/chandru/exercise/webcam_app/public/system/images/18/thumb/a6ca499becd7baaee368b2b295669118.jpg
  [1m[36mSQL (1.8ms)[0m  [1mCOMMIT[0m
Redirected to http://192.168.1.51:3000/photos/18
Completed 302 Found in 315ms


Started GET "/photos/18" for 192.168.1.2 at 2011-06-24 15:51:16 +0530
  Processing by PhotosController#show as HTML
  Parameters: {"id"=>"18"}
  [1m[35mPhoto Load (0.5ms)[0m  SELECT `photos`.* FROM `photos` WHERE (`photos`.`id` = 18) LIMIT 1
Rendered photos/show.html.erb within layouts/application (19.1ms)
Completed 200 OK in 47ms (Views: 26.4ms | ActiveRecord: 3.3ms)


Started GET "/photos" for 192.168.1.2 at 2011-06-24 15:51:23 +0530
  Processing by PhotosController#index as HTML
  [1m[36mPhoto Load (0.7ms)[0m  [1mSELECT `photos`.* FROM `photos`[0m
Rendered photos/index.html.erb within layouts/application (67.6ms)
Completed 200 OK in 94ms (Views: 74.8ms | ActiveRecord: 0.7ms)


Started GET "/photos/" for 192.168.1.51 at 2011-06-24 15:51:26 +0530
  Processing by PhotosController#index as HTML
  [1m[35mPhoto Load (1.1ms)[0m  SELECT `photos`.* FROM `photos`
Rendered photos/index.html.erb within layouts/application (72.3ms)
Completed 200 OK in 99ms (Views: 79.7ms | ActiveRecord: 1.1ms)


Started GET "/photos/4" for 192.168.1.2 at 2011-06-24 15:51:32 +0530
  Processing by PhotosController#show as HTML
  Parameters: {"id"=>"4"}
  [1m[36mPhoto Load (0.5ms)[0m  [1mSELECT `photos`.* FROM `photos` WHERE (`photos`.`id` = 4) LIMIT 1[0m
Rendered photos/show.html.erb within layouts/application (18.1ms)
Completed 200 OK in 45ms (Views: 25.3ms | ActiveRecord: 0.5ms)


Started GET "/photos/17" for 192.168.1.2 at 2011-06-24 15:51:38 +0530
  Processing by PhotosController#show as HTML
  Parameters: {"id"=>"17"}
  [1m[35mPhoto Load (0.5ms)[0m  SELECT `photos`.* FROM `photos` WHERE (`photos`.`id` = 17) LIMIT 1
Rendered photos/show.html.erb within layouts/application (18.7ms)
Completed 200 OK in 46ms (Views: 25.9ms | ActiveRecord: 0.5ms)


Started GET "/photos/9" for 192.168.1.2 at 2011-06-24 15:51:44 +0530
  Processing by PhotosController#show as HTML
  Parameters: {"id"=>"9"}
  [1m[36mPhoto Load (0.5ms)[0m  [1mSELECT `photos`.* FROM `photos` WHERE (`photos`.`id` = 9) LIMIT 1[0m
Rendered photos/show.html.erb within layouts/application (18.2ms)
Completed 200 OK in 45ms (Views: 25.3ms | ActiveRecord: 0.5ms)


Started GET "/photos/7" for 192.168.1.2 at 2011-06-24 15:51:48 +0530
  Processing by PhotosController#show as HTML
  Parameters: {"id"=>"7"}
  [1m[35mPhoto Load (0.4ms)[0m  SELECT `photos`.* FROM `photos` WHERE (`photos`.`id` = 7) LIMIT 1
Rendered photos/show.html.erb within layouts/application (18.2ms)
Completed 200 OK in 90ms (Views: 25.3ms | ActiveRecord: 0.4ms)


Started GET "/photos/13" for 192.168.1.2 at 2011-06-24 15:51:52 +0530
  Processing by PhotosController#show as HTML
  Parameters: {"id"=>"13"}
  [1m[36mPhoto Load (0.4ms)[0m  [1mSELECT `photos`.* FROM `photos` WHERE (`photos`.`id` = 13) LIMIT 1[0m
Rendered photos/show.html.erb within layouts/application (18.6ms)
Completed 200 OK in 45ms (Views: 25.9ms | ActiveRecord: 0.4ms)


Started GET "/photos" for 192.168.1.2 at 2011-06-24 15:51:59 +0530
  Processing by PhotosController#index as HTML
  [1m[35mPhoto Load (0.8ms)[0m  SELECT `photos`.* FROM `photos`
Rendered photos/index.html.erb within layouts/application (119.8ms)
Completed 200 OK in 147ms (Views: 127.2ms | ActiveRecord: 0.8ms)


Started GET "/photos/" for 192.168.1.51 at 2011-06-24 15:52:00 +0530
  Processing by PhotosController#index as HTML
  [1m[36mPhoto Load (0.8ms)[0m  [1mSELECT `photos`.* FROM `photos`[0m
Rendered photos/index.html.erb within layouts/application (71.6ms)
Completed 200 OK in 98ms (Views: 78.6ms | ActiveRecord: 0.8ms)


Started GET "/photos/18" for 192.168.1.51 at 2011-06-24 15:52:23 +0530
  Processing by PhotosController#show as HTML
  Parameters: {"id"=>"18"}
  [1m[35mPhoto Load (0.5ms)[0m  SELECT `photos`.* FROM `photos` WHERE (`photos`.`id` = 18) LIMIT 1
Rendered photos/show.html.erb within layouts/application (19.1ms)
Completed 200 OK in 48ms (Views: 26.5ms | ActiveRecord: 0.5ms)


Started GET "/photos/17" for 192.168.1.3 at 2011-06-24 15:55:58 +0530
  Processing by PhotosController#show as HTML
  Parameters: {"id"=>"17"}
  [1m[36mSQL (0.4ms)[0m  [1mSHOW TABLES[0m
  [1m[35mPhoto Load (0.4ms)[0m  SELECT `photos`.* FROM `photos` WHERE (`photos`.`id` = 17) LIMIT 1
Rendered photos/show.html.erb within layouts/application (45.1ms)
Completed 200 OK in 118ms (Views: 49.6ms | ActiveRecord: 0.8ms)


Started GET "/photos" for 192.168.1.3 at 2011-06-24 15:56:02 +0530
  Processing by PhotosController#index as HTML
  [1m[36mPhoto Load (0.8ms)[0m  [1mSELECT `photos`.* FROM `photos`[0m
Rendered photos/index.html.erb within layouts/application (112.9ms)
Completed 200 OK in 142ms (Views: 120.1ms | ActiveRecord: 0.8ms)


Started GET "/photos/2" for 192.168.1.3 at 2011-06-24 15:56:03 +0530
  Processing by PhotosController#show as HTML
  Parameters: {"id"=>"2"}
  [1m[35mPhoto Load (0.4ms)[0m  SELECT `photos`.* FROM `photos` WHERE (`photos`.`id` = 2) LIMIT 1
Rendered photos/show.html.erb within layouts/application (20.0ms)
Completed 200 OK in 46ms (Views: 27.0ms | ActiveRecord: 0.4ms)


Started GET "/photos/3" for 192.168.1.3 at 2011-06-24 15:56:14 +0530
  Processing by PhotosController#show as HTML
  Parameters: {"id"=>"3"}
  [1m[36mPhoto Load (0.5ms)[0m  [1mSELECT `photos`.* FROM `photos` WHERE (`photos`.`id` = 3) LIMIT 1[0m
Rendered photos/show.html.erb within layouts/application (19.2ms)
Completed 200 OK in 47ms (Views: 26.4ms | ActiveRecord: 0.5ms)


Started GET "/photos/4" for 192.168.1.3 at 2011-06-24 15:56:17 +0530
  Processing by PhotosController#show as HTML
  Parameters: {"id"=>"4"}
  [1m[35mPhoto Load (0.5ms)[0m  SELECT `photos`.* FROM `photos` WHERE (`photos`.`id` = 4) LIMIT 1
Rendered photos/show.html.erb within layouts/application (19.1ms)
Completed 200 OK in 46ms (Views: 26.3ms | ActiveRecord: 0.5ms)


Started GET "/photos/5" for 192.168.1.3 at 2011-06-24 15:56:20 +0530
  Processing by PhotosController#show as HTML
  Parameters: {"id"=>"5"}
  [1m[36mPhoto Load (0.6ms)[0m  [1mSELECT `photos`.* FROM `photos` WHERE (`photos`.`id` = 5) LIMIT 1[0m
Rendered photos/show.html.erb within layouts/application (20.5ms)
Completed 200 OK in 49ms (Views: 28.3ms | ActiveRecord: 0.6ms)


Started GET "/photos/6" for 192.168.1.3 at 2011-06-24 15:56:22 +0530
  Processing by PhotosController#show as HTML
  Parameters: {"id"=>"6"}
  [1m[35mPhoto Load (0.7ms)[0m  SELECT `photos`.* FROM `photos` WHERE (`photos`.`id` = 6) LIMIT 1
Rendered photos/show.html.erb within layouts/application (20.5ms)
Completed 200 OK in 49ms (Views: 27.8ms | ActiveRecord: 0.7ms)


Started GET "/photos/7" for 192.168.1.3 at 2011-06-24 15:56:24 +0530
  Processing by PhotosController#show as HTML
  Parameters: {"id"=>"7"}
  [1m[36mPhoto Load (0.4ms)[0m  [1mSELECT `photos`.* FROM `photos` WHERE (`photos`.`id` = 7) LIMIT 1[0m
Rendered photos/show.html.erb within layouts/application (18.5ms)
Completed 200 OK in 45ms (Views: 25.7ms | ActiveRecord: 0.4ms)


Started GET "/photos/7" for 192.168.1.3 at 2011-06-24 15:56:30 +0530
  Processing by PhotosController#show as HTML
  Parameters: {"id"=>"7"}
  [1m[35mPhoto Load (0.6ms)[0m  SELECT `photos`.* FROM `photos` WHERE (`photos`.`id` = 7) LIMIT 1
Rendered photos/show.html.erb within layouts/application (76.6ms)
Completed 200 OK in 110ms (Views: 86.1ms | ActiveRecord: 0.6ms)


Started GET "/photos/8" for 192.168.1.3 at 2011-06-24 15:56:31 +0530
  Processing by PhotosController#show as HTML
  Parameters: {"id"=>"8"}
  [1m[36mPhoto Load (0.5ms)[0m  [1mSELECT `photos`.* FROM `photos` WHERE (`photos`.`id` = 8) LIMIT 1[0m
Rendered photos/show.html.erb within layouts/application (18.7ms)
Completed 200 OK in 46ms (Views: 26.0ms | ActiveRecord: 0.5ms)


Started GET "/photos/9" for 192.168.1.3 at 2011-06-24 15:56:36 +0530
  Processing by PhotosController#show as HTML
  Parameters: {"id"=>"9"}
  [1m[35mPhoto Load (0.6ms)[0m  SELECT `photos`.* FROM `photos` WHERE (`photos`.`id` = 9) LIMIT 1
Rendered photos/show.html.erb within layouts/application (19.0ms)
Completed 200 OK in 48ms (Views: 26.5ms | ActiveRecord: 0.6ms)


Started GET "/photos/10" for 192.168.1.3 at 2011-06-24 15:56:38 +0530
  Processing by PhotosController#show as HTML
  Parameters: {"id"=>"10"}
  [1m[36mPhoto Load (0.5ms)[0m  [1mSELECT `photos`.* FROM `photos` WHERE (`photos`.`id` = 10) LIMIT 1[0m
Rendered photos/show.html.erb within layouts/application (21.3ms)
Completed 200 OK in 48ms (Views: 28.6ms | ActiveRecord: 0.5ms)


Started GET "/photos/11" for 192.168.1.3 at 2011-06-24 15:56:40 +0530
  Processing by PhotosController#show as HTML
  Parameters: {"id"=>"11"}
  [1m[35mPhoto Load (0.5ms)[0m  SELECT `photos`.* FROM `photos` WHERE (`photos`.`id` = 11) LIMIT 1
Rendered photos/show.html.erb within layouts/application (65.7ms)
Completed 200 OK in 93ms (Views: 72.8ms | ActiveRecord: 0.5ms)


Started GET "/photos/12" for 192.168.1.3 at 2011-06-24 15:56:42 +0530
  Processing by PhotosController#show as HTML
  Parameters: {"id"=>"12"}
  [1m[36mPhoto Load (0.4ms)[0m  [1mSELECT `photos`.* FROM `photos` WHERE (`photos`.`id` = 12) LIMIT 1[0m
Rendered photos/show.html.erb within layouts/application (17.8ms)
Completed 200 OK in 43ms (Views: 24.8ms | ActiveRecord: 0.4ms)


Started GET "/photos/13" for 192.168.1.3 at 2011-06-24 15:56:45 +0530
  Processing by PhotosController#show as HTML
  Parameters: {"id"=>"13"}
  [1m[35mPhoto Load (0.5ms)[0m  SELECT `photos`.* FROM `photos` WHERE (`photos`.`id` = 13) LIMIT 1
Rendered photos/show.html.erb within layouts/application (18.2ms)
Completed 200 OK in 44ms (Views: 25.2ms | ActiveRecord: 0.5ms)


Started GET "/photos/14" for 192.168.1.3 at 2011-06-24 15:56:49 +0530
  Processing by PhotosController#show as HTML
  Parameters: {"id"=>"14"}
  [1m[36mPhoto Load (0.4ms)[0m  [1mSELECT `photos`.* FROM `photos` WHERE (`photos`.`id` = 14) LIMIT 1[0m
Rendered photos/show.html.erb within layouts/application (17.8ms)
Completed 200 OK in 43ms (Views: 24.8ms | ActiveRecord: 0.4ms)


Started GET "/photos/15" for 192.168.1.3 at 2011-06-24 15:56:53 +0530
  Processing by PhotosController#show as HTML
  Parameters: {"id"=>"15"}
  [1m[35mPhoto Load (0.4ms)[0m  SELECT `photos`.* FROM `photos` WHERE (`photos`.`id` = 15) LIMIT 1
Rendered photos/show.html.erb within layouts/application (18.4ms)
Completed 200 OK in 89ms (Views: 25.4ms | ActiveRecord: 0.4ms)


Started GET "/photos/16" for 192.168.1.3 at 2011-06-24 15:56:55 +0530
  Processing by PhotosController#show as HTML
  Parameters: {"id"=>"16"}
  [1m[36mPhoto Load (0.5ms)[0m  [1mSELECT `photos`.* FROM `photos` WHERE (`photos`.`id` = 16) LIMIT 1[0m
Rendered photos/show.html.erb within layouts/application (18.2ms)
Completed 200 OK in 44ms (Views: 25.2ms | ActiveRecord: 0.5ms)


Started GET "/photos/17" for 192.168.1.3 at 2011-06-24 15:56:57 +0530
  Processing by PhotosController#show as HTML
  Parameters: {"id"=>"17"}
  [1m[35mPhoto Load (0.8ms)[0m  SELECT `photos`.* FROM `photos` WHERE (`photos`.`id` = 17) LIMIT 1
Rendered photos/show.html.erb within layouts/application (18.7ms)
Completed 200 OK in 48ms (Views: 25.8ms | ActiveRecord: 0.8ms)


Started GET "/photos/18" for 192.168.1.3 at 2011-06-24 15:56:59 +0530
  Processing by PhotosController#show as HTML
  Parameters: {"id"=>"18"}
  [1m[36mPhoto Load (0.4ms)[0m  [1mSELECT `photos`.* FROM `photos` WHERE (`photos`.`id` = 18) LIMIT 1[0m
Rendered photos/show.html.erb within layouts/application (18.3ms)
Completed 200 OK in 45ms (Views: 25.7ms | ActiveRecord: 0.4ms)


Started GET "/photos/new" for 127.0.0.1 at 2011-06-24 16:00:39 +0530
  Processing by PhotosController#new as HTML
DEPRECATION WARNING: <% %> style block helpers are deprecated. Please use <%= %>. (called from _app_views_photos_new_html_erb___922908775_91855720_171367456 at /home/chandru/exercise/webcam_app/app/views/photos/new.html.erb:22)
Rendered photos/new.html.erb within layouts/application (49.4ms)
Completed 200 OK in 105ms (Views: 104.7ms | ActiveRecord: 0.0ms)


Started GET "/photos/new" for 192.168.1.51 at 2011-06-24 16:01:20 +0530
  Processing by PhotosController#new as HTML
DEPRECATION WARNING: <% %> style block helpers are deprecated. Please use <%= %>. (called from _app_views_photos_new_html_erb___400810125_78616820_786438338 at /home/chandru/exercise/webcam_app/app/views/photos/new.html.erb:22)
Rendered photos/new.html.erb within layouts/application (41.0ms)
Completed 200 OK in 47ms (Views: 46.4ms | ActiveRecord: 0.0ms)


Started GET "/photos/new" for 192.168.1.51 at 2011-06-24 16:01:37 +0530
  Processing by PhotosController#new as HTML
DEPRECATION WARNING: <% %> style block helpers are deprecated. Please use <%= %>. (called from _app_views_photos_new_html_erb___400810125_81354080_786438338 at /home/chandru/exercise/webcam_app/app/views/photos/new.html.erb:22)
Rendered photos/new.html.erb within layouts/application (46.6ms)
Completed 200 OK in 55ms (Views: 54.2ms | ActiveRecord: 0.0ms)


Started POST "/photos/upload" for 192.168.1.51 at 2011-06-24 16:01:52 +0530
  Processing by PhotosController#upload as TEXT/*
Rendered text template (0.0ms)
Completed 200 OK in 8ms (Views: 7.2ms | ActiveRecord: 0.0ms)


Started POST "/photos" for 192.168.1.51 at 2011-06-24 16:01:55 +0530
  Processing by PhotosController#create as HTML
  Parameters: {"utf8"=>"✓", "authenticity_token"=>"69KSHboZMwd639UatZI9dqZKvnP1pH05Ldmr/wuE/xM=", "photo"=>{"description"=>"jkhkhk"}, "commit"=>"Save the photo"}
[paperclip] identify -format %wx%h '/tmp/stream20110624-8030-1xt99wn.jpg[0]' 2>/dev/null
[paperclip] convert '/tmp/stream20110624-8030-1xt99wn.jpg[0]' -resize "300x300>" '/tmp/stream20110624-8030-1xt99wn20110624-8030-1cyc1g6' 2>/dev/null
[paperclip] identify -format %wx%h '/tmp/stream20110624-8030-1xt99wn.jpg[0]' 2>/dev/null
[paperclip] convert '/tmp/stream20110624-8030-1xt99wn.jpg[0]' -resize "100x100>" '/tmp/stream20110624-8030-1xt99wn20110624-8030-tm35vq' 2>/dev/null
  [1m[36mSQL (0.2ms)[0m  [1mBEGIN[0m
  [1m[35mSQL (0.5ms)[0m  SHOW TABLES
  [1m[36mSQL (1.4ms)[0m  [1mdescribe `photos`[0m
  [1m[35mAREL (0.5ms)[0m  INSERT INTO `photos` (`description`, `created_at`, `updated_at`, `image_file_name`, `image_content_type`, `image_file_size`, `image_updated_at`) VALUES ('jkhkhk', '2011-06-24 10:31:56', '2011-06-24 10:31:56', 'f9644cf9022f6075bfdad5c7ace5b7eb.jpg', 'image/jpeg', 44190, '2011-06-24 10:31:55')
[paperclip] Saving attachments.
[paperclip] saving /home/chandru/exercise/webcam_app/public/system/images/19/original/f9644cf9022f6075bfdad5c7ace5b7eb.jpg
[paperclip] saving /home/chandru/exercise/webcam_app/public/system/images/19/medium/f9644cf9022f6075bfdad5c7ace5b7eb.jpg
[paperclip] saving /home/chandru/exercise/webcam_app/public/system/images/19/thumb/f9644cf9022f6075bfdad5c7ace5b7eb.jpg
  [1m[36mSQL (28.7ms)[0m  [1mCOMMIT[0m
Redirected to http://192.168.1.51:3000/photos/19
Completed 302 Found in 472ms


Started GET "/photos/19" for 192.168.1.51 at 2011-06-24 16:01:56 +0530
  Processing by PhotosController#show as HTML
  Parameters: {"id"=>"19"}
  [1m[35mPhoto Load (0.5ms)[0m  SELECT `photos`.* FROM `photos` WHERE (`photos`.`id` = 19) LIMIT 1
Rendered photos/show.html.erb within layouts/application (19.8ms)
Completed 200 OK in 49ms (Views: 27.2ms | ActiveRecord: 31.8ms)


Started GET "/photos" for 192.168.1.51 at 2011-06-24 16:02:02 +0530
  Processing by PhotosController#index as HTML
  [1m[36mPhoto Load (0.8ms)[0m  [1mSELECT `photos`.* FROM `photos`[0m
Rendered photos/index.html.erb within layouts/application (71.7ms)
Completed 200 OK in 149ms (Views: 78.7ms | ActiveRecord: 0.8ms)


Started GET "/photos/new" for 192.168.1.4 at 2011-06-24 16:05:09 +0530
  Processing by PhotosController#new as HTML
DEPRECATION WARNING: <% %> style block helpers are deprecated. Please use <%= %>. (called from _app_views_photos_new_html_erb___400810125_78855400_786438338 at /home/chandru/exercise/webcam_app/app/views/photos/new.html.erb:22)
Rendered photos/new.html.erb within layouts/application (43.6ms)
Completed 200 OK in 51ms (Views: 50.3ms | ActiveRecord: 0.0ms)


Started POST "/photos/upload" for 192.168.1.4 at 2011-06-24 16:06:23 +0530
  Processing by PhotosController#upload as TEXT/*
Rendered text template (0.0ms)
Completed 200 OK in 3ms (Views: 1.4ms | ActiveRecord: 0.0ms)


Started POST "/photos" for 192.168.1.4 at 2011-06-24 16:06:27 +0530
  Processing by PhotosController#create as HTML
  Parameters: {"utf8"=>"✓", "authenticity_token"=>"6AltSCpb1q2jgfBLmGR21Y8goGP/EahyP6DeFAEzBe8=", "photo"=>{"description"=>"ok"}, "commit"=>"Save the photo"}
[paperclip] identify -format %wx%h '/tmp/stream20110624-8030-5d6nkb.jpg[0]' 2>/dev/null
[paperclip] convert '/tmp/stream20110624-8030-5d6nkb.jpg[0]' -resize "300x300>" '/tmp/stream20110624-8030-5d6nkb20110624-8030-1k8cwc9' 2>/dev/null
[paperclip] identify -format %wx%h '/tmp/stream20110624-8030-5d6nkb.jpg[0]' 2>/dev/null
[paperclip] convert '/tmp/stream20110624-8030-5d6nkb.jpg[0]' -resize "100x100>" '/tmp/stream20110624-8030-5d6nkb20110624-8030-4orxj' 2>/dev/null
  [1m[35mSQL (0.2ms)[0m  BEGIN
  [1m[36mSQL (1.4ms)[0m  [1mdescribe `photos`[0m
  [1m[35mAREL (0.3ms)[0m  INSERT INTO `photos` (`description`, `created_at`, `updated_at`, `image_file_name`, `image_content_type`, `image_file_size`, `image_updated_at`) VALUES ('ok', '2011-06-24 10:36:28', '2011-06-24 10:36:28', '91c2d59a91cd75acd2d8317c1edd7e6e.jpg', 'image/jpeg', 76865, '2011-06-24 10:36:27')
[paperclip] Saving attachments.
[paperclip] saving /home/chandru/exercise/webcam_app/public/system/images/20/original/91c2d59a91cd75acd2d8317c1edd7e6e.jpg
[paperclip] saving /home/chandru/exercise/webcam_app/public/system/images/20/medium/91c2d59a91cd75acd2d8317c1edd7e6e.jpg
[paperclip] saving /home/chandru/exercise/webcam_app/public/system/images/20/thumb/91c2d59a91cd75acd2d8317c1edd7e6e.jpg
  [1m[36mSQL (1.6ms)[0m  [1mCOMMIT[0m
Redirected to http://192.168.1.51:3000/photos/20
Completed 302 Found in 313ms


Started GET "/photos/20" for 192.168.1.4 at 2011-06-24 16:06:28 +0530
  Processing by PhotosController#show as HTML
  Parameters: {"id"=>"20"}
  [1m[35mPhoto Load (0.4ms)[0m  SELECT `photos`.* FROM `photos` WHERE (`photos`.`id` = 20) LIMIT 1
Rendered photos/show.html.erb within layouts/application (19.2ms)
Completed 200 OK in 46ms (Views: 26.6ms | ActiveRecord: 0.4ms)


Started GET "/photos/new" for 192.168.1.4 at 2011-06-24 16:06:32 +0530
  Processing by PhotosController#new as HTML
DEPRECATION WARNING: <% %> style block helpers are deprecated. Please use <%= %>. (called from _app_views_photos_new_html_erb___400810125_81735760_786438338 at /home/chandru/exercise/webcam_app/app/views/photos/new.html.erb:22)
Rendered photos/new.html.erb within layouts/application (46.0ms)
Completed 200 OK in 54ms (Views: 53.0ms | ActiveRecord: 0.0ms)


Started POST "/photos/upload" for 192.168.1.4 at 2011-06-24 16:08:01 +0530
  Processing by PhotosController#upload as TEXT/*
Rendered text template (0.0ms)
Completed 200 OK in 3ms (Views: 1.3ms | ActiveRecord: 0.0ms)


Started POST "/photos" for 192.168.1.4 at 2011-06-24 16:08:07 +0530
  Processing by PhotosController#create as HTML
  Parameters: {"utf8"=>"✓", "authenticity_token"=>"6AltSCpb1q2jgfBLmGR21Y8goGP/EahyP6DeFAEzBe8=", "photo"=>{"description"=>"fff"}, "commit"=>"Save the photo"}
[paperclip] identify -format %wx%h '/tmp/stream20110624-8030-1rckzdh.jpg[0]' 2>/dev/null
[paperclip] convert '/tmp/stream20110624-8030-1rckzdh.jpg[0]' -resize "300x300>" '/tmp/stream20110624-8030-1rckzdh20110624-8030-16tt38p' 2>/dev/null
[paperclip] identify -format %wx%h '/tmp/stream20110624-8030-1rckzdh.jpg[0]' 2>/dev/null
[paperclip] convert '/tmp/stream20110624-8030-1rckzdh.jpg[0]' -resize "100x100>" '/tmp/stream20110624-8030-1rckzdh20110624-8030-17eu1xt' 2>/dev/null
  [1m[36mSQL (0.1ms)[0m  [1mBEGIN[0m
  [1m[35mSQL (1.2ms)[0m  describe `photos`
  [1m[36mAREL (0.5ms)[0m  [1mINSERT INTO `photos` (`description`, `created_at`, `updated_at`, `image_file_name`, `image_content_type`, `image_file_size`, `image_updated_at`) VALUES ('fff', '2011-06-24 10:38:07', '2011-06-24 10:38:07', '91c2d59a91cd75acd2d8317c1edd7e6e.jpg', 'image/jpeg', 80754, '2011-06-24 10:38:07')[0m
[paperclip] Saving attachments.
[paperclip] saving /home/chandru/exercise/webcam_app/public/system/images/21/original/91c2d59a91cd75acd2d8317c1edd7e6e.jpg
[paperclip] saving /home/chandru/exercise/webcam_app/public/system/images/21/medium/91c2d59a91cd75acd2d8317c1edd7e6e.jpg
[paperclip] saving /home/chandru/exercise/webcam_app/public/system/images/21/thumb/91c2d59a91cd75acd2d8317c1edd7e6e.jpg
  [1m[35mSQL (4.0ms)[0m  COMMIT
Redirected to http://192.168.1.51:3000/photos/21
Completed 302 Found in 298ms


Started GET "/photos/21" for 192.168.1.4 at 2011-06-24 16:08:08 +0530
  Processing by PhotosController#show as HTML
  Parameters: {"id"=>"21"}
  [1m[36mPhoto Load (0.4ms)[0m  [1mSELECT `photos`.* FROM `photos` WHERE (`photos`.`id` = 21) LIMIT 1[0m
Rendered photos/show.html.erb within layouts/application (18.8ms)
Completed 200 OK in 46ms (Views: 25.9ms | ActiveRecord: 0.4ms)


Started GET "/photos" for 192.168.1.4 at 2011-06-24 16:08:39 +0530
  Processing by PhotosController#index as HTML
  [1m[35mPhoto Load (0.7ms)[0m  SELECT `photos`.* FROM `photos`
Rendered photos/index.html.erb within layouts/application (73.8ms)
Completed 200 OK in 101ms (Views: 80.9ms | ActiveRecord: 0.7ms)


Started GET "/photos/new" for 192.168.1.4 at 2011-06-24 16:08:47 +0530
  Processing by PhotosController#new as HTML
DEPRECATION WARNING: <% %> style block helpers are deprecated. Please use <%= %>. (called from _app_views_photos_new_html_erb___400810125_80095520_786438338 at /home/chandru/exercise/webcam_app/app/views/photos/new.html.erb:22)
Rendered photos/new.html.erb within layouts/application (46.4ms)
Completed 200 OK in 54ms (Views: 53.7ms | ActiveRecord: 0.0ms)


Started POST "/photos/upload" for 192.168.1.4 at 2011-06-24 16:09:14 +0530
  Processing by PhotosController#upload as TEXT/*
Rendered text template (0.0ms)
Completed 200 OK in 3ms (Views: 1.3ms | ActiveRecord: 0.0ms)


Started POST "/photos" for 192.168.1.4 at 2011-06-24 16:09:18 +0530
  Processing by PhotosController#create as HTML
  Parameters: {"utf8"=>"✓", "authenticity_token"=>"6AltSCpb1q2jgfBLmGR21Y8goGP/EahyP6DeFAEzBe8=", "photo"=>{"description"=>"hhjhj"}, "commit"=>"Save the photo"}
[paperclip] identify -format %wx%h '/tmp/stream20110624-8030-1a0x8db.jpg[0]' 2>/dev/null
[paperclip] convert '/tmp/stream20110624-8030-1a0x8db.jpg[0]' -resize "300x300>" '/tmp/stream20110624-8030-1a0x8db20110624-8030-1euzz4v' 2>/dev/null
[paperclip] identify -format %wx%h '/tmp/stream20110624-8030-1a0x8db.jpg[0]' 2>/dev/null
[paperclip] convert '/tmp/stream20110624-8030-1a0x8db.jpg[0]' -resize "100x100>" '/tmp/stream20110624-8030-1a0x8db20110624-8030-1yq2zvg' 2>/dev/null
  [1m[36mSQL (0.1ms)[0m  [1mBEGIN[0m
  [1m[35mSQL (0.7ms)[0m  describe `photos`
  [1m[36mAREL (0.3ms)[0m  [1mINSERT INTO `photos` (`description`, `created_at`, `updated_at`, `image_file_name`, `image_content_type`, `image_file_size`, `image_updated_at`) VALUES ('hhjhj', '2011-06-24 10:39:19', '2011-06-24 10:39:19', '91c2d59a91cd75acd2d8317c1edd7e6e.jpg', 'image/jpeg', 66674, '2011-06-24 10:39:18')[0m
[paperclip] Saving attachments.
[paperclip] saving /home/chandru/exercise/webcam_app/public/system/images/22/original/91c2d59a91cd75acd2d8317c1edd7e6e.jpg
[paperclip] saving /home/chandru/exercise/webcam_app/public/system/images/22/medium/91c2d59a91cd75acd2d8317c1edd7e6e.jpg
[paperclip] saving /home/chandru/exercise/webcam_app/public/system/images/22/thumb/91c2d59a91cd75acd2d8317c1edd7e6e.jpg
  [1m[35mSQL (1.6ms)[0m  COMMIT
Redirected to http://192.168.1.51:3000/photos/22
Completed 302 Found in 340ms


Started GET "/photos/22" for 192.168.1.4 at 2011-06-24 16:09:19 +0530
  Processing by PhotosController#show as HTML
  Parameters: {"id"=>"22"}
  [1m[36mPhoto Load (0.3ms)[0m  [1mSELECT `photos`.* FROM `photos` WHERE (`photos`.`id` = 22) LIMIT 1[0m
Rendered photos/show.html.erb within layouts/application (17.5ms)
Completed 200 OK in 32ms (Views: 21.4ms | ActiveRecord: 0.3ms)


Started GET "/photos" for 192.168.1.51 at 2011-06-24 16:09:22 +0530
  Processing by PhotosController#index as HTML
  [1m[35mPhoto Load (0.8ms)[0m  SELECT `photos`.* FROM `photos`
Rendered photos/index.html.erb within layouts/application (143.7ms)
Completed 200 OK in 171ms (Views: 151.0ms | ActiveRecord: 0.8ms)


Started GET "/photos/new" for 127.0.0.1 at 2011-06-24 16:10:55 +0530
  Processing by PhotosController#new as HTML
DEPRECATION WARNING: <% %> style block helpers are deprecated. Please use <%= %>. (called from _app_views_photos_new_html_erb__501507560_89035820_29202710 at /home/chandru/exercise/webcam_app/app/views/photos/new.html.erb:22)
Rendered photos/new.html.erb within layouts/application (28.2ms)
Completed 200 OK in 32ms (Views: 32.1ms | ActiveRecord: 0.0ms)


Started GET "/photos" for 127.0.0.1 at 2011-06-24 16:10:59 +0530
  Processing by PhotosController#index as HTML
  [1m[36mPhoto Load (0.8ms)[0m  [1mSELECT `photos`.* FROM `photos`[0m
Rendered photos/index.html.erb within layouts/application (96.1ms)
Completed 200 OK in 215ms (Views: 103.2ms | ActiveRecord: 0.8ms)


Started GET "/photos/new" for 127.0.0.1 at 2011-06-24 16:12:47 +0530
  Processing by PhotosController#new as HTML
DEPRECATION WARNING: <% %> style block helpers are deprecated. Please use <%= %>. (called from _app_views_photos_new_html_erb___25079977_91813200__542029335 at /home/chandru/exercise/webcam_app/app/views/photos/new.html.erb:22)
Rendered photos/new.html.erb within layouts/application (62.1ms)
Completed 200 OK in 66ms (Views: 65.9ms | ActiveRecord: 0.0ms)


Started GET "/photos/new" for 127.0.0.1 at 2011-06-24 16:12:48 +0530
  Processing by PhotosController#new as HTML
DEPRECATION WARNING: <% %> style block helpers are deprecated. Please use <%= %>. (called from _app_views_photos_new_html_erb___25079977_95407330__542029335 at /home/chandru/exercise/webcam_app/app/views/photos/new.html.erb:22)
Rendered photos/new.html.erb within layouts/application (32.5ms)
Completed 200 OK in 37ms (Views: 36.6ms | ActiveRecord: 0.0ms)


Started GET "/photos/new" for 127.0.0.1 at 2011-06-24 16:20:14 +0530
  Processing by PhotosController#new as HTML
DEPRECATION WARNING: <% %> style block helpers are deprecated. Please use <%= %>. (called from _app_views_photos_new_html_erb___25079977_93407890__542029335 at /home/chandru/exercise/webcam_app/app/views/photos/new.html.erb:22)
Rendered photos/new.html.erb within layouts/application (89.3ms)
Completed 200 OK in 97ms (Views: 96.6ms | ActiveRecord: 0.0ms)


Started GET "/photos/new" for 127.0.0.1 at 2011-06-24 16:20:16 +0530
  Processing by PhotosController#new as HTML
DEPRECATION WARNING: <% %> style block helpers are deprecated. Please use <%= %>. (called from _app_views_photos_new_html_erb___25079977_94690680__542029335 at /home/chandru/exercise/webcam_app/app/views/photos/new.html.erb:22)
Rendered photos/new.html.erb within layouts/application (46.5ms)
Completed 200 OK in 55ms (Views: 53.9ms | ActiveRecord: 0.0ms)


Started POST "/photos/upload" for 127.0.0.1 at 2011-06-24 16:23:11 +0530
  Processing by PhotosController#upload as TEXT/*
Rendered text template (0.0ms)
Completed 200 OK in 8ms (Views: 7.1ms | ActiveRecord: 0.0ms)


Started GET "/photos/new" for 127.0.0.1 at 2011-06-24 16:23:13 +0530
  Processing by PhotosController#new as HTML
DEPRECATION WARNING: <% %> style block helpers are deprecated. Please use <%= %>. (called from _app_views_photos_new_html_erb___25079977_96290910__542029335 at /home/chandru/exercise/webcam_app/app/views/photos/new.html.erb:22)
Rendered photos/new.html.erb within layouts/application (51.0ms)
Completed 200 OK in 59ms (Views: 58.5ms | ActiveRecord: 0.0ms)


Started GET "/photos/" for 127.0.0.1 at 2011-06-24 16:23:19 +0530
  Processing by PhotosController#index as HTML
  [1m[36mPhoto Load (0.7ms)[0m  [1mSELECT `photos`.* FROM `photos`[0m
Rendered photos/index.html.erb within layouts/application (80.4ms)
Completed 200 OK in 197ms (Views: 87.7ms | ActiveRecord: 0.7ms)
